2024-06-21 10:49:44.067 | DEBUG    | paddlespeech.s2t:<module>:41 - register user softmax to paddle, remove this when fixed!
2024-06-21 10:49:44.068 | DEBUG    | paddlespeech.s2t:<module>:45 - register user log_softmax to paddle, remove this when fixed!
2024-06-21 10:49:44.068 | DEBUG    | paddlespeech.s2t:<module>:49 - register user sigmoid to paddle, remove this when fixed!
2024-06-21 10:49:44.068 | DEBUG    | paddlespeech.s2t:<module>:53 - register user log_sigmoid to paddle, remove this when fixed!
2024-06-21 10:49:44.068 | DEBUG    | paddlespeech.s2t:<module>:57 - register user relu to paddle, remove this when fixed!
2024-06-21 10:49:44.069 | DEBUG    | paddlespeech.s2t:<module>:66 - override cat of paddle if exists or register, remove this when fixed!
2024-06-21 10:49:44.069 | DEBUG    | paddlespeech.s2t:<module>:88 - override long of paddle.Tensor if exists or register, remove this when fixed!
2024-06-21 10:49:44.069 | DEBUG    | paddlespeech.s2t:<module>:110 - override new_full of paddle.Tensor if exists or register, remove this when fixed!
2024-06-21 10:49:44.069 | DEBUG    | paddlespeech.s2t:<module>:122 - override contiguous of paddle.Tensor if exists or register, remove this when fixed!
2024-06-21 10:49:44.069 | DEBUG    | paddlespeech.s2t:<module>:134 - register user view to paddle.Tensor, remove this when fixed!
2024-06-21 10:49:44.070 | DEBUG    | paddlespeech.s2t:<module>:144 - register user view_as to paddle.Tensor, remove this when fixed!
2024-06-21 10:49:44.070 | DEBUG    | paddlespeech.s2t:<module>:185 - register user masked_fill to paddle.Tensor, remove this when fixed!
2024-06-21 10:49:44.070 | DEBUG    | paddlespeech.s2t:<module>:204 - register user masked_fill_ to paddle.Tensor, remove this when fixed!
2024-06-21 10:49:44.070 | DEBUG    | paddlespeech.s2t:<module>:228 - register user repeat to paddle.Tensor, remove this when fixed!
2024-06-21 10:49:44.070 | DEBUG    | paddlespeech.s2t:<module>:234 - register user softmax to paddle.Tensor, remove this when fixed!
2024-06-21 10:49:44.077 | DEBUG    | paddlespeech.s2t:<module>:239 - register user sigmoid to paddle.Tensor, remove this when fixed!
2024-06-21 10:49:44.077 | DEBUG    | paddlespeech.s2t:<module>:244 - register user relu to paddle.Tensor, remove this when fixed!
2024-06-21 10:49:44.077 | DEBUG    | paddlespeech.s2t:<module>:253 - register user type_as to paddle.Tensor, remove this when fixed!
2024-06-21 10:49:44.077 | DEBUG    | paddlespeech.s2t:<module>:270 - register user to to paddle.Tensor, remove this when fixed!
2024-06-21 10:49:44.078 | DEBUG    | paddlespeech.s2t:<module>:280 - register user float to paddle.Tensor, remove this when fixed!
2024-06-21 10:49:44.078 | DEBUG    | paddlespeech.s2t:<module>:291 - register user int to paddle.Tensor, remove this when fixed!
2024-06-21 10:51:34.412 | DEBUG    | paddlespeech.s2t.frontend.featurizer.text_featurizer:_load_vocabulary_from_file:215 - Vocab: ['<blank>',
 '<unk>',
 '!',
 '"',
 '#',
 "'",
 '-',
 '.',
 '/',
 ':',
 ';',
 '=',
 '?',
 '@',
 '[',
 '\\',
 '`',
 'a',
 'ab',
 'able',
 'ac',
 'ace',
 'ach',
 'ack',
 'act',
 'ad',
 'ade',
 'ady',
 'af',
 'ag',
 'age',
 'ager',
 'ain',
 'air',
 'ak',
 'ake',
 'aking',
 'al',
 'alk',
 'all',
 'ally',
 'als',
 'alth',
 'am',
 'ame',
 'amp',
 'ample',
 'an',
 'ance',
 'and',
 'ane',
 'anese',
 'ang',
 'ange',
 'anger',
 'ank',
 'ant',
 'any',
 'ap',
 'aper',
 'ar',
 'arch',
 'ard',
 'are',
 'arent',
 'ark',
 'art',
 'arter',
 'ary',
 'as',
 'ase',
 'ash',
 'ason',
 'ass',
 'asses',
 'ast',
 'aste',
 'aster',
 'at',
 'ate',
 'ater',
 'ates',
 'ather',
 'ation',
 'ato',
 'au',
 'aught',
 'ause',
 'aut',
 'av',
 'ave',
 'ax',
 'ay',
 'b',
 'ball',
 'be',
 'ber',
 'bit',
 'ble',
 'blem',
 'bo',
 'body',
 'bor',
 'br',
 'but',
 'by',
 'c',
 'can',
 'cce',
 'ce',
 'cent',
 'cer',
 'ch',
 'che',
 'cher',
 'ches',
 'chool',
 'ci',
 'cial',
 'cil',
 'cing',
 'ck',
 'cl',
 'cle',
 'clock',
 'come',
 'ct',
 'ction',
 'ctor',
 'cy',
 'd',
 'day',
 'de',
 'den',
 'der',
 'ding',
 'dition',
 'do',
 'du',
 'duc',
 'duce',
 'dy',
 'e',
 'ea',
 'ead',
 'eah',
 'eak',
 'ear',
 'ech',
 'ect',
 'ed',
 'een',
 'eer',
 'ek',
 'el',
 'ell',
 'em',
 'en',
 'ence',
 'end',
 'ener',
 'ens',
 'ent',
 'ention',
 'entle',
 'ently',
 'enty',
 'ep',
 'epend',
 'er',
 'erc',
 'erday',
 'ere',
 'ered',
 'erest',
 'erm',
 'ers',
 'ertain',
 'es',
 'esday',
 'ess',
 'est',
 'esterday',
 'estion',
 'et',
 'eth',
 'ever',
 'ex',
 'f',
 'fast',
 'fe',
 'fect',
 'fer',
 'fic',
 'ficult',
 'for',
 'fore',
 'form',
 'fort',
 'ft',
 'ful',
 'fully',
 'g',
 'ge',
 'ger',
 'gest',
 'get',
 'gg',
 'gh',
 'ght',
 'give',
 'go',
 'gr',
 'gry',
 'h',
 'ha',
 'han',
 'hang',
 'happ',
 'hat',
 'have',
 'he',
 'hed',
 'her',
 'hes',
 'hind',
 'hn',
 'how',
 'i',
 'ia',
 'ial',
 'ian',
 'ib',
 'ible',
 'ic',
 'ical',
 'ice',
 'ich',
 'ick',
 'ict',
 'iction',
 'icture',
 'id',
 'iday',
 'idd',
 'iddle',
 'ide',
 'ident',
 'idge',
 'ie',
 'iece',
 'ied',
 'ience',
 'ient',
 'ier',
 'ies',
 'iet',
 'ieve',
 'if',
 'ife',
 'ift',
 'ig',
 'igh',
 'ight',
 'ign',
 'ike',
 'il',
 'ild',
 'ile',
 'ility',
 'ilk',
 'ill',
 'ilm',
 'ilt',
 'ily',
 'im',
 'ime',
 'in',
 'ina',
 'ince',
 'ind',
 'ine',
 'inese',
 'iness',
 'ing',
 'inion',
 'ink',
 'int',
 'io',
 'ion',
 'ior',
 'ious',
 'ip',
 'ir',
 'ire',
 'ired',
 'irst',
 'irt',
 'is',
 'ise',
 'ised',
 'isf',
 'ish',
 'ision',
 'iss',
 'ist',
 'ister',
 'it',
 'ital',
 'ite',
 'ited',
 'ith',
 'ither',
 'ities',
 'iting',
 'ition',
 'ity',
 'iv',
 'ival',
 'ive',
 'iver',
 'ix',
 'ize',
 'j',
 'ject',
 'jing',
 'joy',
 'k',
 'ke',
 'ked',
 'ken',
 'ket',
 'l',
 'ld',
 'le',
 'led',
 'leep',
 'les',
 'less',
 'lf',
 'lic',
 'like',
 'll',
 'llo',
 'llow',
 'look',
 'lp',
 'lve',
 'lves',
 'ly',
 'm',
 'ma',
 'make',
 'man',
 'mb',
 'mber',
 'me',
 'med',
 'mell',
 'ment',
 'mer',
 'ming',
 'mit',
 'mp',
 'my',
 'n',
 'nd',
 'nday',
 'nder',
 'ndred',
 'ne',
 'ner',
 'ness',
 'ney',
 'ng',
 'night',
 'ning',
 'no',
 'noon',
 'nt',
 'ny',
 'o',
 'oc',
 'ock',
 'of',
 'og',
 'oice',
 'ok',
 'oke',
 'ol',
 'olog',
 'olunt',
 'olunteer',
 'om',
 'oman',
 'ome',
 'omen',
 'oment',
 'on',
 'ond',
 'ondon',
 'one',
 'onest',
 'oney',
 'ong',
 'ons',
 'ont',
 'oo',
 'ood',
 'ook',
 'ool',
 'oom',
 'oor',
 'oose',
 'oot',
 'op',
 'ope',
 'ople',
 'or',
 'ore',
 'orrow',
 'orry',
 'ort',
 'ory',
 'os',
 'ose',
 'ost',
 'ot',
 'ote',
 'otect',
 'other',
 'ou',
 'ouble',
 'oud',
 'ough',
 'ought',
 'ould',
 'oun',
 'ound',
 'ount',
 'our',
 'oura',
 'ourage',
 'ous',
 'ousand',
 'ouse',
 'out',
 'outh',
 'over',
 'ow',
 'own',
 'oy',
 'p',
 'pe',
 'per',
 'ph',
 'phone',
 'ping',
 'pl',
 'ple',
 'port',
 'pp',
 'pr',
 'pt',
 'put',
 'q',
 'qu',
 'r',
 'ra',
 'ract',
 'raid',
 'ral',
 'ram',
 're',
 'rea',
 'read',
 'ready',
 'ream',
 'reat',
 'reci',
 'red',
 'ree',
 'ren',
 'rence',
 'rench',
 'rent',
 'res',
 'ress',
 'ressed',
 'ret',
 'ri',
 'ric',
 'ried',
 'ries',
 'right',
 'ring',
 'rive',
 'ro',
 'road',
 'rol',
 'rom',
 'room',
 'ross',
 'rough',
 'rove',
 'row',
 'ru',
 'ry',
 's',
 'se',
 'sed',
 'self',
 'sent',
 'ser',
 'ses',
 'set',
 'sh',
 'she',
 'sic',
 'sid',
 'side',
 'sider',
 'sist',
 'so',
 'some',
 'sp',
 'spital',
 'sport',
 'ss',
 'ssible',
 'st',
 'stand',
 'su',
 'sw',
 't',
 'tain',
 'take',
 'te',
 'teen',
 'ten',
 'ter',
 'th',
 'that',
 'the',
 'ther',
 'there',
 'they',
 'thing',
 'this',
 'though',
 'time',
 'ting',
 'tle',
 'to',
 'turn',
 'ty',
 'u',
 'ually',
 'uary',
 'uation',
 'ub',
 'uck',
 'ude',
 'ue',
 'uit',
 'ul',
 'ull',
 'ully',
 'ult',
 'um',
 'umber',
 'un',
 'unch',
 'unt',
 'up',
 'ur',
 'urday',
 'ure',
 'uring',
 'urn',
 'urnit',
 'urniture',
 'uro',
 'urope',
 'us',
 'use',
 'ush',
 'uss',
 'ust',
 'ut',
 'ution',
 'uture',
 'v',
 'val',
 've',
 'vel',
 'velop',
 'ven',
 'vent',
 'ver',
 'veral',
 'very',
 'view',
 'ving',
 'vir',
 'viron',
 'w',
 'ward',
 'way',
 'ways',
 'we',
 'ween',
 'wh',
 'what',
 'whe',
 'where',
 'wn',
 'wor',
 'work',
 'x',
 'xt',
 'y',
 'ycle',
 'yes',
 'ying',
 'you',
 'z',
 'ze',
 'zen',
 'zy',
 '~',
 '·',
 '‘',
 '’',
 '“',
 '”',
 '▁',
 '▁.',
 '▁a',
 '▁ab',
 '▁able',
 '▁abo',
 '▁about',
 '▁above',
 '▁ac',
 '▁acc',
 '▁accident',
 '▁ach',
 '▁achieve',
 '▁across',
 '▁act',
 '▁activ',
 '▁ad',
 '▁add',
 '▁adv',
 '▁advice',
 '▁af',
 '▁afraid',
 '▁after',
 '▁afternoon',
 '▁ag',
 '▁again',
 '▁ago',
 '▁agree',
 '▁air',
 '▁al',
 '▁all',
 '▁alone',
 '▁along',
 '▁already',
 '▁also',
 '▁although',
 '▁always',
 '▁am',
 '▁amer',
 '▁americ',
 '▁american',
 '▁among',
 '▁an',
 '▁and',
 '▁anim',
 '▁animals',
 '▁ann',
 '▁another',
 '▁answ',
 '▁answer',
 '▁any',
 '▁anyone',
 '▁anything',
 '▁ap',
 '▁app',
 '▁appear',
 '▁apple',
 '▁appreci',
 '▁ar',
 '▁are',
 '▁aren',
 '▁arg',
 '▁argue',
 '▁army',
 '▁around',
 '▁arri',
 '▁arrive',
 '▁arrived',
 '▁art',
 '▁as',
 '▁ask',
 '▁asked',
 '▁at',
 '▁att',
 '▁attention',
 '▁av',
 '▁away',
 '▁b',
 '▁ba',
 '▁baby',
 '▁back',
 '▁bad',
 '▁bag',
 '▁ball',
 '▁bas',
 '▁base',
 '▁basket',
 '▁basketball',
 '▁be',
 '▁bear',
 '▁beat',
 '▁beaut',
 '▁beautif',
 '▁beautiful',
 '▁bec',
 '▁because',
 '▁become',
 '▁bed',
 '▁been',
 '▁before',
 '▁beg',
 '▁began',
 '▁begin',
 '▁behind',
 '▁bei',
 '▁beijing',
 '▁being',
 '▁bel',
 '▁believe',
 '▁belong',
 '▁below',
 '▁best',
 '▁bet',
 '▁better',
 '▁between',
 '▁big',
 '▁bike',
 '▁bir',
 '▁bird',
 '▁birth',
 '▁birthday',
 '▁bl',
 '▁black',
 '▁blame',
 '▁bo',
 '▁boat',
 '▁body',
 '▁book',
 '▁books',
 '▁bor',
 '▁boring',
 '▁born',
 '▁borrow',
 '▁bot',
 '▁both',
 '▁bottle',
 '▁bought',
 '▁box',
 '▁boy',
 '▁boys',
 '▁br',
 '▁bra',
 '▁brea',
 '▁bread',
 '▁break',
 '▁breakfast',
 '▁bridge',
 '▁bring',
 '▁bro',
 '▁broke',
 '▁broken',
 '▁brother',
 '▁brought',
 '▁brush',
 '▁bu',
 '▁build',
 '▁building',
 '▁bus',
 '▁business',
 '▁busy',
 '▁but',
 '▁buy',
 '▁by',
 '▁c',
 '▁cake',
 '▁call',
 '▁came',
 '▁can',
 '▁car',
 '▁care',
 '▁careful',
 '▁carefully',
 '▁careless',
 '▁carry',
 '▁case',
 '▁cat',
 '▁catch',
 '▁cent',
 '▁ch',
 '▁cha',
 '▁chan',
 '▁chance',
 '▁change',
 '▁char',
 '▁che',
 '▁cheer',
 '▁chess',
 '▁child',
 '▁children',
 '▁china',
 '▁chinese',
 '▁choose',
 '▁city',
 '▁cl',
 '▁class',
 '▁classm',
 '▁classroom',
 '▁cle',
 '▁clean',
 '▁cleaning',
 '▁clear',
 '▁clever',
 '▁clim',
 '▁close',
 '▁clot',
 '▁clothes',
 '▁club',
 '▁co',
 '▁col',
 '▁cold',
 '▁color',
 '▁com',
 '▁come',
 '▁comes',
 '▁coming',
 '▁comm',
 '▁comp',
 '▁comput',
 '▁computer',
 '▁con',
 '▁concer',
 '▁concern',
 '▁conf',
 '▁consider',
 '▁cont',
 '▁contin',
 '▁continue',
 '▁control',
 '▁cook',
 '▁cor',
 '▁cost',
 '▁could',
 '▁couldn',
 '▁count',
 '▁country',
 '▁cour',
 '▁course',
 '▁cra',
 '▁cross',
 '▁crow',
 '▁cry',
 '▁cup',
 '▁cur',
 '▁cut',
 '▁d',
 '▁dan',
 '▁dance',
 '▁danger',
 '▁date',
 '▁day',
 '▁days',
 '▁de',
 '▁dea',
 '▁dead',
 '▁deal',
 '▁dear',
 '▁death',
 '▁dec',
 '▁decide',
 '▁decision',
 '▁delic',
 '▁depend',
 '▁des',
 '▁desk',
 '▁det',
 '▁dev',
 '▁develop',
 '▁di',
 '▁diction',
 '▁dictionary',
 '▁did',
 '▁didn',
 '▁die',
 '▁died',
 '▁dif',
 '▁diffe',
 '▁difference',
 '▁different',
 '▁difficult',
 '▁difficulty',
 '▁din',
 '▁dinner',
 '▁dis',
 '▁disc',
 '▁discuss',
 '▁do',
 '▁doctor',
 '▁does',
 '▁doesn',
 '▁dog',
 '▁doing',
 '▁don',
 '▁done',
 '▁door',
 '▁double',
 '▁down',
 '▁dr',
 '▁dra',
 '▁draw',
 '▁dream',
 '▁dress',
 '▁dri',
 '▁drink',
 '▁drive',
 '▁during',
 '▁e',
 '▁each',
 '▁ear',
 '▁early',
 '▁earth',
 '▁eas',
 '▁east',
 '▁easy',
 '▁eat',
 '▁eating',
 '▁ef',
 '▁eight',
 '▁either',
 '▁eld',
 '▁elder',
 '▁ele',
 '▁elect',
 '▁emp',
 '▁en',
 '▁enc',
 '▁encourage',
 '▁end',
 '▁eng',
 '▁engl',
 '▁english',
 '▁enjoy',
 '▁enough',
 '▁environ',
 '▁environment',
 '▁es',
 '▁europe',
 '▁even',
 '▁evening',
 '▁ever',
 '▁every',
 '▁everybody',
 '▁everyday',
 '▁everyone',
 '▁everything',
 '▁ex',
 '▁exam',
 '▁example',
 '▁exc',
 '▁exce',
 '▁except',
 '▁excited',
 '▁exciting',
 '▁exerc',
 '▁exercise',
 '▁exp',
 '▁expect',
 '▁exper',
 '▁experience',
 '▁expl',
 '▁eyes',
 '▁f',
 '▁fa',
 '▁face',
 '▁fact',
 '▁factory',
 '▁fail',
 '▁fall',
 '▁fam',
 '▁family',
 '▁famous',
 '▁far',
 '▁fast',
 '▁father',
 '▁fav',
 '▁favor',
 '▁favorite',
 '▁fe',
 '▁feel',
 '▁few',
 '▁fif',
 '▁fight',
 '▁fill',
 '▁film',
 '▁fin',
 '▁find',
 '▁fine',
 '▁finis',
 '▁finish',
 '▁finished',
 '▁fire',
 '▁first',
 '▁fish',
 '▁five',
 '▁fl',
 '▁floor',
 '▁flow',
 '▁flowers',
 '▁fly',
 '▁fo',
 '▁follow',
 '▁following',
 '▁food',
 '▁foot',
 '▁football',
 '▁for',
 '▁fore',
 '▁forget',
 '▁forward',
 '▁found',
 '▁four',
 '▁fr',
 '▁fre',
 '▁free',
 '▁french',
 '▁fri',
 '▁friend',
 '▁friendly',
 '▁friends',
 '▁fright',
 '▁from',
 '▁front',
 '▁fruit',
 '▁full',
 '▁fun',
 '▁fur',
 '▁furniture',
 '▁further',
 '▁future',
 '▁g',
 '▁game',
 '▁games',
 '▁gave',
 '▁ger',
 '▁german',
 '▁get',
 '▁getting',
 '▁gi',
 '▁gir',
 '▁girl',
 '▁girls',
 '▁give',
 '▁given',
 '▁gl',
 '▁glad',
 '▁glass',
 '▁go',
 '▁goes',
 '▁going',
 '▁gone',
 '▁good',
 '▁got',
 '▁gr',
 '▁grad',
 '▁grand',
 '▁gre',
 '▁great',
 '▁green',
 '▁ground',
 '▁grow',
 '▁gu',
 '▁h',
 '▁ha',
 '▁had',
 '▁hair',
 '▁half',
 '▁hand',
 '▁hang',
 '▁happ',
 '▁happen',
 '▁happened',
 '▁happy',
 '▁har',
 '▁hard',
 '▁hardly',
 '▁harm',
 '▁has',
 '▁hate',
 '▁have',
 '▁having',
 '▁he',
 '▁head',
 '▁health',
 '▁healthy',
 '▁hear',
 '▁heard',
 '▁heart',
 '▁heav',
 '▁heavy',
 '▁hello',
 '▁help',
 '▁her',
 '▁here',
 '▁hero',
 '▁high',
 '▁him',
 '▁his',
 '▁hist',
 '▁history',
 '▁hit',
 '▁ho',
 '▁hol',
 '▁hold',
 '▁holiday',
 '▁home',
 '▁homework',
 '▁honest',
 '▁hope',
 '▁hospital',
 '▁hot',
 '▁hour',
 '▁hours',
 '▁house',
 '▁how',
 '▁however',
 '▁hu',
 '▁hun',
 '▁hundred',
 '▁hur',
 '▁hurt',
 '▁i',
 '▁id',
 '▁idea',
 '▁if',
 '▁ill',
 '▁im',
 '▁imag',
 '▁imp',
 '▁import',
 '▁important',
 '▁in',
 '▁inc',
 '▁ind',
 '▁inform',
 '▁information',
 '▁ing',
 '▁inst',
 '▁int',
 '▁inter',
 '▁interest',
 '▁interested',
 '▁interesting',
 '▁into',
 '▁inv',
 '▁is',
 '▁isn',
 '▁it',
 '▁j',
 '▁jack',
 '▁jap',
 '▁japanese',
 '▁jim',
 '▁jo',
 '▁job',
 '▁john',
 '▁join',
 '▁jour',
 '▁joy',
 '▁ju',
 '▁jun',
 '▁just',
 '▁k',
 '▁ke',
 '▁keep',
 '▁key',
 '▁kind',
 '▁kn',
 '▁know',
 '▁known',
 '▁l',
 '▁la',
 '▁lang',
 '▁langu',
 '▁language',
 '▁lar',
 '▁large',
 '▁last',
 '▁late',
 '▁later',
 '▁lau',
 '▁laugh',
 '▁law',
 '▁lay',
 '▁le',
 '▁lea',
 '▁lead',
 '▁lear',
 '▁learn',
 '▁learning',
 '▁least',
 '▁leave',
 '▁leaves',
 '▁left',
 '▁leg',
 '▁lend',
 '▁less',
 '▁lesson',
 '▁let',
 '▁letter',
 '▁li',
 '▁libr',
 '▁library',
 '▁lie',
 '▁life',
 '▁light',
 '▁like',
 '▁likes',
 '▁lily',
 '▁line',
 '▁list',
 '▁listen',
 '▁lit',
 '▁little',
 '▁live',
 '▁lives',
 '▁living',
 '▁lo',
 '▁london',
 '▁lone',
 '▁lonely',
 '▁long',
 '▁longer',
 '▁look',
 '▁looking',
 '▁looks',
 '▁lose',
 '▁lost',
 '▁lot',
 '▁lots',
 '▁love',
 '▁low',
 '▁lu',
 '▁luck',
 '▁lucky',
 '▁lucy',
 '▁lunch',
 '▁lying',
 '▁m',
 '▁ma',
 '▁made',
 '▁mag',
 '▁main',
 '▁make',
 '▁making',
 '▁man',
 '▁many',
 '▁map',
 '▁mar',
 '▁marry',
 '▁mary',
 '▁mat',
 '▁match',
 '▁math',
 '▁matter',
 '▁may',
 '▁maybe',
 '▁me',
 '▁mean',
 '▁meaning',
 '▁means',
 '▁med',
 '▁meet',
 '▁meeting',
 '▁mem',
 '▁men',
 '▁mess',
 '▁met',
 '▁middle',
 '▁might',
 '▁milk',
 '▁min',
 '▁mind',
 '▁mine',
 '▁minut',
 '▁minutes',
 '▁miss',
 '▁mist',
 '▁mistake',
 '▁mo',
 '▁moment',
 '▁mon',
 '▁monday',
 '▁money',
 '▁month',
 '▁moon',
 '▁mor',
 '▁more',
 '▁morning',
 '▁most',
 '▁mother',
 '▁mount',
 '▁mountain',
 '▁mov',
 '▁move',
 '▁movie',
 '▁mr',
 '▁mu',
 '▁much',
 '▁music',
 '▁must',
 '▁mustn',
 '▁my',
 '▁myself',
 '▁n',
 '▁name',
 '▁nat',
 '▁nation',
 '▁ne',
 '▁near',
 '▁need',
 '▁needn',
 '▁neither',
 '▁never',
 '▁new',
 '▁news',
 '▁next',
 '▁nice',
 '▁night',
 '▁nin',
 '▁nine',
 '▁ninet',
 '▁no',
 '▁nobody',
 '▁noise',
 '▁none',
 '▁nor',
 '▁not',
 '▁nothing',
 '▁notice',
 '▁now',
 '▁number',
 '▁o',
 '▁ob',
 '▁of',
 '▁off',
 '▁office',
 '▁often',
 '▁ok',
 '▁okay',
 '▁old',
 '▁older',
 '▁on',
 '▁once',
 '▁one',
 '▁ones',
 '▁oneself',
 '▁only',
 '▁op',
 '▁open',
 '▁opinion',
 '▁or',
 '▁orange',
 '▁order',
 '▁other',
 '▁others',
 '▁our',
 '▁out',
 '▁outside',
 '▁over',
 '▁own',
 '▁p',
 '▁pain',
 '▁pair',
 '▁paper',
 '▁par',
 '▁parent',
 '▁parents',
 '▁park',
 '▁part',
 '▁party',
 '▁pass',
 '▁passage',
 '▁past',
 '▁pat',
 '▁patient',
 '▁pay',
 '▁pe',
 '▁pen',
 '▁pencil',
 '▁people',
 '▁per',
 '▁perfect',
 '▁pers',
 '▁person',
 '▁pet',
 '▁peter',
 '▁ph',
 '▁phone',
 '▁phot',
 '▁photo',
 '▁pian',
 '▁piano',
 '▁pick',
 '▁picture',
 '▁piece',
 '▁pl',
 '▁place',
 '▁plan',
 '▁plant',
 '▁play',
 '▁playing',
 '▁ple',
 '▁pleas',
 '▁please',
 '▁po',
 '▁point',
 '▁pol',
 '▁police',
 '▁poor',
 '▁pop',
 '▁popul',
 '▁popular',
 '▁population',
 '▁possible',
 '▁post',
 '▁pot',
 '▁potato',
 '▁pr',
 '▁pract',
 '▁practice',
 '▁pre',
 '▁prefer',
 '▁present',
 '▁press',
 '▁pret',
 '▁pri',
 '▁price',
 '▁pro',
 '▁problem',
 '▁problems',
 '▁prog',
 '▁prom',
 '▁promise',
 '▁protect',
 '▁prov',
 '▁provide',
 '▁pub',
 '▁pur',
 '▁put',
 '▁q',
 '▁qu',
 '▁question',
 '▁quick',
 '▁quickly',
 '▁quiet',
 '▁quite',
 '▁r',
 '▁ra',
 '▁rain',
 '▁raise',
 '▁rather',
 '▁re',
 '▁reach',
 '▁read',
 '▁reading',
 '▁real',
 '▁realize',
 '▁really',
 '▁reason',
 '▁rec',
 '▁rece',
 '▁receive',
 '▁red',
 '▁ref',
 '▁reg',
 '▁rel',
 '▁relax',
 '▁rem',
 '▁remain',
 '▁reme',
 '▁remember',
 '▁remind',
 '▁rep',
 '▁res',
 '▁resp',
 '▁respons',
 '▁rest',
 '▁result',
 '▁return',
 '▁rich',
 '▁ride',
 '▁right',
 '▁ring',
 '▁ris',
 '▁rise',
 '▁risk',
 '▁river',
 '▁ro',
 '▁road',
 '▁rob',
 '▁room',
 '▁ru',
 '▁run',
 '▁running',
 '▁s',
 '▁sa',
 '▁sad',
 '▁said',
 '▁same',
 '▁sat',
 '▁satisf',
 '▁save',
 '▁saw',
 '▁say',
 '▁sc',
 '▁school',
 '▁sci',
 '▁se',
 '▁seat',
 '▁sec',
 '▁second',
 '▁see',
 '▁seem',
 '▁seems',
 '▁seen',
 '▁self',
 '▁sell',
 '▁sen',
 '▁send',
 '▁sense',
 '▁sent',
 '▁sentence',
 '▁ser',
 '▁serious',
 '▁set',
 '▁seven',
 '▁several',
 '▁sh',
 '▁sha',
 '▁shall',
 '▁share',
 '▁she',
 '▁sheep',
 '▁sho',
 '▁shoes',
 '▁shop',
 '▁shopping',
 '▁short',
 '▁should',
 '▁show',
 '▁si',
 '▁sick',
 '▁side',
 '▁sign',
 '▁sim',
 '▁since',
 '▁sing',
 '▁sister',
 '▁sit',
 '▁six',
 '▁sk',
 '▁sl',
 '▁sleep',
 '▁sm',
 '▁small',
 '▁smart',
 '▁smell',
 '▁sn',
 '▁snow',
 '▁so',
 '▁some',
 '▁somebody',
 '▁someone',
 '▁something',
 '▁sometime',
 '▁sometimes',
 '▁song',
 '▁soon',
 '▁sorry',
 '▁sound',
 '▁sp',
 '▁spe',
 '▁speak',
 '▁speaking',
 '▁speech',
 '▁spend',
 '▁sport',
 '▁sports',
 '▁spring',
 '▁st',
 '▁stand',
 '▁start',
 '▁station',
 '▁stay',
 '▁still',
 '▁stom',
 '▁stop',
 '▁stor',
 '▁story',
 '▁str',
 '▁stre',
 '▁street',
 '▁strong',
 '▁stu',
 '▁stud',
 '▁student',
 '▁students',
 '▁study',
 '▁su',
 '▁sub',
 '▁subject',
 '▁subway',
 '▁succe',
 '▁succeed',
 '▁success',
 '▁successful',
 '▁such',
 '▁sug',
 '▁suggest',
 '▁suit',
 '▁sum',
 '▁summer',
 '▁sun',
 '▁sunday',
 '▁supp',
 '▁supper',
 '▁suppose',
 '▁sur',
 '▁sure',
 '▁surpr',
 '▁surprise',
 '▁sw',
 '▁swe',
 '▁swim',
 '▁swimming',
 '▁t',
 '▁table',
 '▁take',
 '▁takes',
 '▁taking',
 '▁talk',
 '▁talking',
 '▁tall',
 '▁taller',
 '▁taste',
 '▁tax',
 '▁taxi',
 '▁te',
 '▁tea',
 '▁teach',
 '▁teacher',
 '▁teachers',
 '▁teeth',
 '▁tele',
 '▁tell',
 '▁ten',
 '▁ter',
 '▁terri',
 '▁th',
 '▁than',
 '▁thank',
 '▁thanks',
 '▁that',
 '▁the',
 '▁their',
 '▁them',
 '▁then',
 '▁there',
 '▁these',
 '▁they',
 '▁thing',
 '▁things',
 '▁think',
 '▁thir',
 '▁third',
 '▁this',
 '▁those',
 '▁though',
 '▁thought',
 '▁thousand',
 '▁three',
 '▁through',
 '▁time',
 '▁times',
 '▁tired',
 '▁tit',
 '▁title',
 '▁to',
 '▁today',
 '▁toget',
 '▁together',
 '▁told',
 '▁tom',
 '▁tomato',
 '▁tomorrow',
 '▁too',
 '▁took',
 '▁tooth',
 '▁top',
 '▁tou',
 '▁tr',
 '▁tra',
 '▁train',
 '▁tran',
 '▁travel',
 '▁tre',
 '▁treat',
 '▁tree',
 '▁trees',
 '▁tri',
 '▁trip',
 '▁trouble',
 '▁true',
 '▁try',
 '▁turn',
 '▁tv',
 '▁tw',
 '▁twenty',
 '▁twice',
 '▁two',
 '▁u',
 '▁un',
 '▁under',
 '▁understand',
 '▁united',
 '▁univer',
 '▁univers',
 '▁university',
 '▁unless',
 '▁unt',
 '▁until',
 '▁up',
 '▁us',
 '▁use',
 '▁used',
 '▁useful',
 '▁usually',
 '▁v',
 '▁vac',
 '▁vacation',
 '▁val',
 '▁ve',
 '▁very',
 '▁view',
 '▁vill',
 '▁vis',
 '▁visit',
 '▁w',
 '▁wa',
 '▁wait',
 '▁waiting',
 '▁wake',
 '▁walk',
 '▁wall',
 '▁want',
 '▁wants',
 '▁war',
 '▁warm',
 '▁was',
 '▁wash',
 '▁wat',
 '▁watch',
 '▁watching',
 '▁water',
 '▁way',
 '▁we',
 '▁wear',
 '▁weather',
 '▁week',
 '▁weekend',
 '▁well',
 '▁went',
 '▁were',
 '▁west',
 '▁wh',
 '▁what',
 '▁whe',
 '▁when',
 '▁where',
 '▁whether',
 '▁whi',
 '▁which',
 '▁while',
 '▁white',
 '▁who',
 '▁whom',
 '▁whose',
 '▁why',
 '▁wi',
 '▁wife',
 '▁will',
 '▁win',
 '▁wind',
 '▁window',
 '▁wish',
 '▁with',
 '▁without',
 '▁woman',
 '▁women',
 '▁won',
 '▁wonder',
 '▁wor',
 '▁word',
 '▁words',
 '▁work',
 '▁working',
 '▁world',
 '▁worry',
 '▁would',
 '▁wr',
 '▁writ',
 '▁write',
 '▁writing',
 '▁wrong',
 '▁x',
 '▁y',
 '▁yeah',
 '▁year',
 '▁years',
 '▁yes',
 '▁yesterday',
 '▁yet',
 '▁you',
 '▁young',
 '▁your',
 '▁yours',
 '▁yourself',
 '▁z',
 '▁一',
 '▁一个',
 '▁一个是',
 '▁一些',
 '▁一定要',
 '▁一样',
 '▁一般',
 '▁一般现在时',
 '▁三',
 '▁三个',
 '▁三角形',
 '▁上',
 '▁上面',
 '▁下',
 '▁下一个',
 '▁下面',
 '▁下面这个',
 '▁不',
 '▁不不',
 '▁不会',
 '▁不定',
 '▁不定式',
 '▁不对',
 '▁不是',
 '▁不用',
 '▁不知道',
 '▁不管',
 '▁不能',
 '▁不要',
 '▁不过',
 '▁与',
 '▁两',
 '▁两个',
 '▁中',
 '▁中间',
 '▁为',
 '▁为了',
 '▁为什么',
 '▁为什么选',
 '▁主句',
 '▁主要',
 '▁主语',
 '▁之前',
 '▁之后',
 '▁之间',
 '▁也',
 '▁也可以',
 '▁也就是',
 '▁也就是说',
 '▁也是',
 '▁也是一个',
 '▁也有',
 '▁了',
 '▁二',
 '▁二十',
 '▁五',
 '▁人',
 '▁什么',
 '▁什么什么',
 '▁什么什么什么',
 '▁什么呀',
 '▁什么意思',
 '▁什么意思呀',
 '▁什么意思呢',
 '▁什么意思啊',
 '▁什么时候',
 '▁今天',
 '▁介词',
 '▁从',
 '▁从句',
 '▁他',
 '▁他们',
 '▁他是',
 '▁他的',
 '▁他说',
 '▁代表',
 '▁以',
 '▁以及',
 '▁以后',
 '▁会',
 '▁但',
 '▁但是',
 '▁但是呢',
 '▁但是它',
 '▁但是这个',
 '▁作',
 '▁作为',
 '▁你',
 '▁你们',
 '▁你你',
 '▁你先',
 '▁你再',
 '▁你刚刚',
 '▁你刚才',
 '▁你可以',
 '▁你在',
 '▁你就',
 '▁你想',
 '▁你把',
 '▁你是',
 '▁你是不是',
 '▁你来',
 '▁你现在',
 '▁你的',
 '▁你看',
 '▁你看一下',
 '▁你看它',
 '▁你看这个',
 '▁你知道',
 '▁你能',
 '▁你自己',
 '▁你要',
 '▁你觉得',
 '▁你说',
 '▁你这个',
 '▁使',
 '▁修饰',
 '▁做',
 '▁像',
 '▁先',
 '▁全',
 '▁关于',
 '▁其实',
 '▁再',
 '▁再加',
 '▁再看',
 '▁写',
 '▁减',
 '▁减一',
 '▁出现',
 '▁分之',
 '▁刚',
 '▁刚刚',
 '▁刚才',
 '▁别',
 '▁到',
 '▁前',
 '▁前面',
 '▁副词',
 '▁加',
 '▁加一个',
 '▁加一段时间',
 '▁加上',
 '▁加名词',
 '▁加形容词',
 '▁加比较级',
 '▁动词',
 '▁动词加',
 '▁动词的',
 '▁包括',
 '▁十',
 '▁单数',
 '▁单词',
 '▁去',
 '▁去掉',
 '▁又',
 '▁反正',
 '▁发',
 '▁变',
 '▁变成',
 '▁变成了',
 '▁句型',
 '▁只',
 '▁只是',
 '▁只有',
 '▁只能',
 '▁只要',
 '▁叫',
 '▁叫做',
 '▁可',
 '▁可以',
 '▁可以吗',
 '▁可以理解吗',
 '▁可以用',
 '▁可能',
 '▁名词',
 '▁后',
 '▁后边',
 '▁后面',
 '▁后面加',
 '▁后面接',
 '▁后面是',
 '▁后面的',
 '▁后面跟',
 '▁向',
 '▁吗',
 '▁吧',
 '▁听',
 '▁呀',
 '▁呃',
 '▁呃呃',
 '▁呃对',
 '▁呃就是',
 '▁呃然后',
 '▁呃这个',
 '▁呢',
 '▁呢它',
 '▁呢它是',
 '▁呢就是',
 '▁呢是',
 '▁和',
 '▁和这个',
 '▁咱',
 '▁咱们',
 '▁哇',
 '▁哈',
 '▁哎',
 '▁哎呀',
 '▁哎呦',
 '▁哎好',
 '▁哎对',
 '▁哦',
 '▁哦哦',
 '▁哦对',
 '▁哦我',
 '▁哦这个',
 '▁哦那',
 '▁哪',
 '▁哪个',
 '▁唉',
 '▁唉对',
 '▁啊',
 '▁啊不是',
 '▁啊什么',
 '▁啊你',
 '▁啊啊',
 '▁啊好',
 '▁啊对',
 '▁啊就是',
 '▁啊我',
 '▁啊是',
 '▁啊然后',
 '▁啊这',
 '▁啊这个',
 '▁啊这是',
 '▁啊那',
 '▁啥',
 '▁啥意思',
 '▁啥意思啊',
 '▁喂',
 '▁喜欢',
 '▁嗯',
 '▁嗯下一个',
 '▁嗯你',
 '▁嗯你看',
 '▁嗯其实',
 '▁嗯可以',
 '▁嗯呃',
 '▁嗯咱们',
 '▁嗯哼',
 '▁嗯啊',
 '▁嗯嗯',
 '▁嗯好',
 '▁嗯好的',
 '▁嗯好那',
 '▁嗯好那我们',
 '▁嗯它',
 '▁嗯对',
 '▁嗯对对',
 '▁嗯对很好',
 '▁嗯就',
 '▁嗯就是',
 '▁嗯很好',
 '▁嗯我',
 '▁嗯我们',
 '▁嗯所以',
 '▁嗯是',
 '▁嗯来',
 '▁嗯比如说',
 '▁嗯然后',
 '▁嗯然后呢',
 '▁嗯然后我们',
 '▁嗯行',
 '▁嗯还有',
 '▁嗯这',
 '▁嗯这个',
 '▁嗯这个是',
 '▁嗯这是',
 '▁嗯那',
 '▁嗯那么',
 '▁嗯那你',
 '▁嗯那我们',
 '▁嗯非常好',
 '▁嗯首先',
 '▁嘛',
 '▁噢',
 '▁四',
 '▁回答',
 '▁因为',
 '▁因为它',
 '▁因为它是',
 '▁因为这个',
 '▁在',
 '▁在这个',
 '▁在这儿',
 '▁在这里',
 '▁填',
 '▁复数',
 '▁多',
 '▁大',
 '▁大于',
 '▁大概',
 '▁太',
 '▁她',
 '▁好',
 '▁好下一个',
 '▁好下面',
 '▁好了',
 '▁好了吗',
 '▁好你',
 '▁好像',
 '▁好吗',
 '▁好吧',
 '▁好呃',
 '▁好啊',
 '▁好啦',
 '▁好嗯',
 '▁好好',
 '▁好我们',
 '▁好我们来看',
 '▁好我们看',
 '▁好接下来',
 '▁好来',
 '▁好然后',
 '▁好然后我们',
 '▁好然后接下来',
 '▁好现在',
 '▁好的',
 '▁好的那',
 '▁好这个',
 '▁好这个是',
 '▁好这是',
 '▁好那',
 '▁好那么',
 '▁好那么我们',
 '▁好那你',
 '▁好那我们',
 '▁好那这个',
 '▁如果',
 '▁如果你',
 '▁如果是',
 '▁如果说',
 '▁学过',
 '▁它',
 '▁它不是',
 '▁它也是',
 '▁它们',
 '▁它们两个',
 '▁它其实',
 '▁它可以',
 '▁它后面',
 '▁它就',
 '▁它就是',
 '▁它是',
 '▁它是一个',
 '▁它是不是',
 '▁它是个',
 '▁它有',
 '▁它本身',
 '▁它的',
 '▁它的意思是',
 '▁它表示',
 '▁它表示的是',
 '▁它说',
 '▁它这个',
 '▁宾语',
 '▁对',
 '▁对不对',
 '▁对不对啊',
 '▁对了',
 '▁对于',
 '▁对他',
 '▁对你',
 '▁对你看',
 '▁对吗',
 '▁对吧',
 '▁对吧好',
 '▁对吧所以',
 '▁对吧然后',
 '▁对吧这个',
 '▁对吧那',
 '▁对呀',
 '▁对啊',
 '▁对嗯',
 '▁对因为',
 '▁对好',
 '▁对它',
 '▁对它是',
 '▁对对',
 '▁对对对',
 '▁对对对对',
 '▁对就',
 '▁对就是',
 '▁对应',
 '▁对很好',
 '▁对很棒',
 '▁对我',
 '▁对我们',
 '▁对所以',
 '▁对是',
 '▁对没错',
 '▁对然后',
 '▁对的',
 '▁对这',
 '▁对这个',
 '▁对这个是',
 '▁对选',
 '▁对那',
 '▁对非常好',
 '▁小',
 '▁就',
 '▁就像',
 '▁就可以',
 '▁就可以了',
 '▁就是',
 '▁就是一个',
 '▁就是他',
 '▁就是你',
 '▁就是呃',
 '▁就是在',
 '▁就是它',
 '▁就是我',
 '▁就是我们',
 '▁就是把',
 '▁就是有',
 '▁就是表示',
 '▁就是说',
 '▁就是这个',
 '▁就是那个',
 '▁就比如说',
 '▁就相当于',
 '▁就等于',
 '▁就行',
 '▁就表示',
 '▁就说',
 '▁就这个',
 '▁就这样',
 '▁差不多',
 '▁已经',
 '▁带',
 '▁平方',
 '▁并且',
 '▁应该',
 '▁应该是',
 '▁开头',
 '▁开头的',
 '▁开始',
 '▁引导',
 '▁引导的',
 '▁强调',
 '▁当',
 '▁当然',
 '▁形容词',
 '▁形式',
 '▁很',
 '▁很多',
 '▁很好',
 '▁很棒',
 '▁很简单',
 '▁快',
 '▁怎么',
 '▁怎么写',
 '▁怎么怎么样',
 '▁怎么拼',
 '▁怎么样',
 '▁怎么翻译',
 '▁怎么说',
 '▁想',
 '▁想一下',
 '▁想一想',
 '▁想想',
 '▁意思',
 '▁意思是',
 '▁感觉',
 '▁懂',
 '▁懂了吗',
 '▁懂吗',
 '▁我',
 '▁我们',
 '▁我们之前',
 '▁我们先',
 '▁我们刚刚',
 '▁我们刚才',
 '▁我们可以',
 '▁我们就',
 '▁我们来',
 '▁我们来看',
 '▁我们来看一下',
 '▁我们的',
 '▁我们看',
 '▁我们看一下',
 '▁我们知道',
 '▁我们要',
 '▁我们说',
 '▁我刚才',
 '▁我就',
 '▁我我',
 '▁我现在',
 '▁我的',
 '▁我给你',
 '▁我觉得',
 '▁我说',
 '▁或',
 '▁或者',
 '▁或者是',
 '▁或者说',
 '▁所以',
 '▁所以呢',
 '▁所以它',
 '▁所以就是',
 '▁所以我们',
 '▁所以是',
 '▁所以说',
 '▁所以说这个',
 '▁所以这个',
 '▁所以这个地方',
 '▁所以这里',
 '▁才是',
 '▁打',
 '▁找',
 '▁把',
 '▁把它',
 '▁把这个',
 '▁指',
 '▁指代',
 '▁指的是',
 '▁换成',
 '▁接',
 '▁接下来',
 '▁提前',
 '▁提问',
 '▁搭配',
 '▁撇',
 '▁改',
 '▁改成',
 '▁放',
 '▁放在',
 '▁方',
 '▁既然',
 '▁时态',
 '▁明天',
 '▁明白',
 '▁明白了吗',
 '▁明白吗',
 '▁昨天',
 '▁是',
 '▁是一个',
 '▁是一样的',
 '▁是不',
 '▁是不是',
 '▁是不是啊',
 '▁是个',
 '▁是主语',
 '▁是什么',
 '▁是什么呀',
 '▁是什么意思',
 '▁是什么意思呀',
 '▁是什么意思呢',
 '▁是什么意思啊',
 '▁是动词',
 '▁是名词',
 '▁是吗',
 '▁是吧',
 '▁是在',
 '▁是对',
 '▁是对的',
 '▁是形容词',
 '▁是指',
 '▁是有',
 '▁是表示',
 '▁是这个',
 '▁是这样',
 '▁是那个',
 '▁更',
 '▁最',
 '▁最后',
 '▁最后一个',
 '▁有',
 '▁有一个',
 '▁有个',
 '▁有什么',
 '▁有没有',
 '▁有点',
 '▁本身',
 '▁来',
 '▁来看',
 '▁来看一下',
 '▁来表示',
 '▁根据',
 '▁正在',
 '▁比',
 '▁比如',
 '▁比如说',
 '▁比如说我',
 '▁比如说这个',
 '▁比较',
 '▁没',
 '▁没事',
 '▁没事儿',
 '▁没关系',
 '▁没有',
 '▁没有问题',
 '▁没错',
 '▁没问题',
 '▁没问题吧',
 '▁注意',
 '▁点',
 '▁点的',
 '▁然后',
 '▁然后下一个',
 '▁然后下面',
 '▁然后他',
 '▁然后你',
 '▁然后再',
 '▁然后加',
 '▁然后后面',
 '▁然后呃',
 '▁然后呢',
 '▁然后咱们',
 '▁然后嗯',
 '▁然后在',
 '▁然后它',
 '▁然后就',
 '▁然后就是',
 '▁然后我',
 '▁然后我们',
 '▁然后我们再',
 '▁然后我们来看',
 '▁然后我们看',
 '▁然后接下来',
 '▁然后是',
 '▁然后最后',
 '▁然后看',
 '▁然后第三个',
 '▁然后第二个',
 '▁然后还有',
 '▁然后这',
 '▁然后这个',
 '▁然后这个是',
 '▁然后这是',
 '▁然后这里',
 '▁特别',
 '▁现在',
 '▁现在进行时',
 '▁用',
 '▁用于',
 '▁的',
 '▁的一个',
 '▁的区别',
 '▁的后面',
 '▁的宾语',
 '▁的平方',
 '▁的形式',
 '▁的意思',
 '▁的意思是',
 '▁的时候',
 '▁的是',
 '▁的用法',
 '▁的话',
 '▁的话它',
 '▁的话就是',
 '▁的话是',
 '▁的过去式',
 '▁的这个',
 '▁的那个',
 '▁的长',
 '▁的长度',
 '▁的音',
 '▁直接',
 '▁直接加',
 '▁相',
 '▁相当于',
 '▁看',
 '▁看一下',
 '▁看到',
 '▁看到了吗',
 '▁看看',
 '▁看这个',
 '▁真的',
 '▁知道',
 '▁知道什么意思吗',
 '▁知道吗',
 '▁短语',
 '▁确定',
 '▁第一',
 '▁第一个',
 '▁第一个是',
 '▁第一题',
 '▁第三',
 '▁第三个',
 '▁第三题',
 '▁第二',
 '▁第二个',
 '▁第二个是',
 '▁第二题',
 '▁第五个',
 '▁第五题',
 '▁第八题',
 '▁第十',
 '▁第四个',
 '▁第四题',
 '▁等',
 '▁等一下',
 '▁等于',
 '▁等于角',
 '▁答案',
 '▁篇',
 '▁经常',
 '▁结尾',
 '▁结尾的',
 '▁结构',
 '▁给',
 '▁给你',
 '▁继续',
 '▁翻译',
 '▁老师',
 '▁而',
 '▁而不是',
 '▁而且',
 '▁肯定',
 '▁肯定是',
 '▁能',
 '▁能不能',
 '▁能理解吗',
 '▁自己',
 '▁英语',
 '▁虽然',
 '▁行',
 '▁行那',
 '▁表',
 '▁表示',
 '▁表示是',
 '▁表示的是',
 '▁表达',
 '▁被',
 '▁要',
 '▁要么',
 '▁要用',
 '▁让',
 '▁记',
 '▁记一下',
 '▁记下来',
 '▁记住',
 '▁记好了',
 '▁记好了吗',
 '▁记得',
 '▁记得吗',
 '▁讲',
 '▁说',
 '▁说明',
 '▁诶',
 '▁诶对',
 '▁诶很好',
 '▁请',
 '▁读',
 '▁谁',
 '▁谓语',
 '▁跟',
 '▁轴',
 '▁过',
 '▁过去',
 '▁过去分词',
 '▁过去式',
 '▁还',
 '▁还可以',
 '▁还是',
 '▁还是用',
 '▁还有',
 '▁还有一个',
 '▁还有什么',
 '▁还有这个',
 '▁还记得',
 '▁还记得吗',
 '▁这',
 '▁这三个',
 '▁这两个',
 '▁这个',
 '▁这个东西',
 '▁这个也',
 '▁这个也是',
 '▁这个介词',
 '▁这个其实',
 '▁这个动词',
 '▁这个单词',
 '▁这个句子',
 '▁这个可以',
 '▁这个呢',
 '▁这个地方',
 '▁这个就',
 '▁这个就是',
 '▁这个意思',
 '▁这个我们',
 '▁这个时候',
 '▁这个是',
 '▁这个是一个',
 '▁这个短语',
 '▁这个要',
 '▁这个词',
 '▁这个词组',
 '▁这个这个',
 '▁这个题',
 '▁这么',
 '▁这也是',
 '▁这些',
 '▁这些词',
 '▁这些都是',
 '▁这儿',
 '▁这几个',
 '▁这句话',
 '▁这地方',
 '▁这块儿',
 '▁这就是',
 '▁这是',
 '▁这是一个',
 '▁这是个',
 '▁这是什么',
 '▁这样',
 '▁这样子',
 '▁这样的',
 '▁这种',
 '▁这边',
 '▁这道题',
 '▁这里',
 '▁这里是',
 '▁这里的',
 '▁这里面',
 '▁连接',
 '▁连用',
 '▁选',
 '▁选项',
 '▁通常',
 '▁通过',
 '▁那',
 '▁那个',
 '▁那么',
 '▁那么我们',
 '▁那么这个',
 '▁那你',
 '▁那你看',
 '▁那你说',
 '▁那咱们',
 '▁那如果',
 '▁那它',
 '▁那就',
 '▁那就是',
 '▁那我',
 '▁那我们',
 '▁那我们就',
 '▁那我们来看',
 '▁那我们看',
 '▁那我们说',
 '▁那接下来',
 '▁那是',
 '▁那比如说',
 '▁那现在',
 '▁那这个',
 '▁那这个地方',
 '▁那这句话',
 '▁那这里',
 '▁那那',
 '▁都',
 '▁都可以',
 '▁都是',
 '▁里面',
 '▁问',
 '▁除了',
 '▁需要',
 '▁非常',
 '▁非常好',
 '▁非常棒',
 '▁项',
 '▁首先',
 '《',
 '》',
 '一',
 '一一',
 '一下',
 '一下你',
 '一下吧',
 '一下啊',
 '一下子',
 '一下就',
 '一下就是',
 '一下然后',
 '一下这个',
 '一个',
 '一个一个',
 '一个东西',
 '一个人',
 '一个什么',
 '一个例子',
 '一个动词',
 '一个单词',
 '一个句子',
 '一个名词',
 '一个小',
 '一个就是',
 '一个形容词',
 '一个意思',
 '一个是',
 '一个短语',
 '一个词',
 '一个这个',
 '一个问题',
 '一九',
 '一二三',
 '一些',
 '一些单词',
 '一件',
 '一件事情',
 '一会',
 '一会儿',
 '一共',
 '一分钟',
 '一切',
 '一到',
 '一半',
 '一句',
 '一句话',
 '一只',
 '一周',
 '一块',
 '一块儿',
 '一声',
 '一大',
 '一天',
 '一定',
 '一定会',
 '一定得',
 '一定是',
 '一定的',
 '一定要',
 '一定要加',
 '一定要注意',
 '一定要用',
 '一定要记住',
 '一家',
 '一对',
 '一年',
 '一开始',
 '一张',
 '一想',
 '一撇',
 '一无',
 '一旦',
 '一本',
 '一本书',
 '一条',
 '一杯',
 '一样',
 '一样的',
 '一模',
 '一次',
 '一步',
 '一段',
 '一段时间',
 '一点',
 '一点儿',
 '一点就是',
 '一点点',
 '一点的',
 '一片',
 '一百',
 '一的',
 '一直',
 '一直在',
 '一看',
 '一眼',
 '一种',
 '一种情况',
 '一种是',
 '一篇',
 '一篇文章',
 '一类',
 '一类人',
 '一组',
 '一致',
 '一般',
 '一般将来',
 '一般将来时',
 '一般就是',
 '一般情况下',
 '一般是',
 '一般来说',
 '一般现在',
 '一般现在时',
 '一般用',
 '一般疑问句',
 '一般的',
 '一般过去',
 '一般过去式',
 '一般过去时',
 '一般都',
 '一般都是',
 '一节课',
 '一讲',
 '一说',
 '一读',
 '一起',
 '一起去',
 '一起来',
 '一边',
 '一遍',
 '一道',
 '一道题',
 '一部分',
 '一页',
 '一题',
 '丁',
 '七',
 '七个',
 '七八',
 '七点',
 '万',
 '万一',
 '丈',
 '三',
 '三个',
 '三分钟',
 '三十',
 '三单',
 '三年',
 '三次',
 '三点',
 '三种',
 '三者',
 '三角',
 '三角形',
 '三遍',
 '三题',
 '上',
 '上一',
 '上一个',
 '上一节课',
 '上下',
 '上下文',
 '上个',
 '上了',
 '上到这里',
 '上午',
 '上去',
 '上周',
 '上学',
 '上完',
 '上文',
 '上方',
 '上来',
 '上次',
 '上海',
 '上班',
 '上的',
 '上节课',
 '上课',
 '上课之前',
 '上课的时候',
 '上车',
 '上这个',
 '上面',
 '上面的',
 '上面这个',
 '上面那个',
 '下',
 '下一',
 '下一个',
 '下一个呢',
 '下一个是',
 '下一句',
 '下一次',
 '下一页',
 '下一题',
 '下午',
 '下去',
 '下周',
 '下来',
 '下次',
 '下的',
 '下节课',
 '下蛋',
 '下课',
 '下课了',
 '下车',
 '下这个',
 '下雨',
 '下面',
 '下面一个',
 '下面的',
 '下面这个',
 '下面这个句子',
 '不',
 '不一定',
 '不一样',
 '不一样的',
 '不上',
 '不不',
 '不了',
 '不仅',
 '不仅仅',
 '不会',
 '不会的',
 '不会说',
 '不做',
 '不像',
 '不出',
 '不出来',
 '不到',
 '不加',
 '不去',
 '不及物',
 '不及物动词',
 '不变',
 '不可',
 '不可以',
 '不可数',
 '不可数名词',
 '不可数的',
 '不可能',
 '不同',
 '不同的',
 '不喜欢',
 '不在',
 '不多',
 '不够',
 '不大',
 '不太',
 '不太一样',
 '不太好',
 '不太清楚',
 '不好',
 '不好意思',
 '不好的',
 '不完',
 '不定',
 '不定代词',
 '不定冠词',
 '不定式',
 '不对',
 '不对的',
 '不就',
 '不就是',
 '不应该',
 '不得不',
 '不想',
 '不懂',
 '不断',
 '不是',
 '不是一个',
 '不是不是',
 '不是很',
 '不是特别',
 '不是说',
 '不止',
 '不清',
 '不清楚',
 '不然',
 '不用',
 '不用加',
 '不用记',
 '不看',
 '不知道',
 '不确定',
 '不管',
 '不管是',
 '不能',
 '不能加',
 '不能够',
 '不能用',
 '不能说',
 '不能选',
 '不行',
 '不要',
 '不要不要',
 '不见',
 '不规则',
 '不规则变化',
 '不认识',
 '不认识的单词',
 '不记得',
 '不说',
 '不起',
 '不起来',
 '不过',
 '不选',
 '不通',
 '不错',
 '不难',
 '不需要',
 '与',
 '丐',
 '丑',
 '专',
 '专业',
 '专有',
 '专有名词',
 '专门',
 '且',
 '世',
 '世界',
 '世界上',
 '世纪',
 '丘',
 '丙',
 '业',
 '丛',
 '东',
 '东西',
 '东西啊',
 '丝',
 '丞',
 '丢',
 '两',
 '两个',
 '两个人',
 '两个单词',
 '两个句子',
 '两个小时',
 '两个意思',
 '两个词',
 '两分钟',
 '两天',
 '两次',
 '两点',
 '两种',
 '两篇',
 '两者',
 '两遍',
 '严',
 '严格',
 '严重',
 '丧',
 '个',
 '个人',
 '个体',
 '个例子',
 '个句子',
 '个小时',
 '个月',
 '丫',
 '中',
 '中午',
 '中国',
 '中国人',
 '中国的',
 '中心',
 '中文',
 '中文意思',
 '中的',
 '中的一个',
 '中考',
 '中间',
 '丰',
 '丰富',
 '串',
 '临',
 '丹',
 '为',
 '为了',
 '为什么',
 '为什么什么',
 '为什么会',
 '为什么呢',
 '为什么是',
 '为什么用',
 '为什么要',
 '为什么要用',
 '为什么选',
 '为啥',
 '为止',
 '主',
 '主人',
 '主体',
 '主动',
 '主动语态',
 '主句',
 '主句是',
 '主将',
 '主将从现',
 '主干',
 '主旨',
 '主旨大意',
 '主旨大意题',
 '主格',
 '主系表',
 '主系表结构',
 '主要',
 '主要就是',
 '主要是',
 '主要的',
 '主观',
 '主语',
 '主语从句',
 '主语加',
 '主语和',
 '主语是',
 '主语的',
 '主语谓语',
 '主谓',
 '主谓一致',
 '主谓宾',
 '主题',
 '主题句',
 '丽',
 '举',
 '举一个例子',
 '举个例子',
 '举例',
 '乃',
 '久',
 '么',
 '义',
 '之',
 '之一',
 '之上',
 '之中',
 '之内',
 '之前',
 '之后',
 '之后呢',
 '之外',
 '之类',
 '之类的',
 '之间',
 '之间的',
 '乌',
 '乍',
 '乎',
 '乏',
 '乐',
 '乐器',
 '乒',
 '乓',
 '乔',
 '乖',
 '乘',
 '乘以',
 '乙',
 '九',
 '九十',
 '九十度',
 '九点',
 '乞',
 '也',
 '也不',
 '也不会',
 '也不是',
 '也不用',
 '也不知道',
 '也不能',
 '也也',
 '也会',
 '也可以',
 '也可以指',
 '也可以是',
 '也可以用',
 '也可以表示',
 '也可以说',
 '也好',
 '也就',
 '也就是',
 '也就是说',
 '也很',
 '也挺',
 '也是',
 '也是一个',
 '也是可以',
 '也有',
 '也没',
 '也没有',
 '也能',
 '也行',
 '也要',
 '也要用',
 '习',
 '习惯',
 '习惯于',
 '习惯性的动作',
 '习题',
 '乡',
 '书',
 '书写',
 '书包',
 '书面',
 '买',
 '乱',
 '乳',
 '乾',
 '了',
 '了一',
 '了一下',
 '了一个',
 '了一些',
 '了两个',
 '了个',
 '了之后',
 '了什么',
 '了他',
 '了但是',
 '了你',
 '了你就',
 '了吗',
 '了吧',
 '了呀',
 '了呢',
 '了哈',
 '了啊',
 '了嗯',
 '了嘛',
 '了因为',
 '了好',
 '了好吧',
 '了它',
 '了对',
 '了对不对',
 '了对吧',
 '了就',
 '了就是',
 '了很多',
 '了我',
 '了我们',
 '了我的',
 '了所以',
 '了是',
 '了是不是',
 '了是吗',
 '了是吧',
 '了没',
 '了没有',
 '了然后',
 '了解',
 '了解一下',
 '了这',
 '了这个',
 '了那',
 '了那个',
 '了那么',
 '予',
 '争',
 '事',
 '事件',
 '事儿',
 '事实',
 '事实上',
 '事情',
 '事故',
 '事物',
 '二',
 '二三',
 '二分之',
 '二十',
 '二十个',
 '二十五',
 '二次',
 '二次函数',
 '二零',
 '于',
 '亏',
 '云',
 '互',
 '互换',
 '互相',
 '五',
 '五个',
 '五分钟',
 '五十',
 '五点',
 '五题',
 '井',
 '亚',
 '些',
 '些什么',
 '亡',
 '交',
 '交流',
 '交点',
 '交谈',
 '交通',
 '交通工具',
 '亥',
 '亦',
 '产',
 '产生',
 '亨',
 '亩',
 '享',
 '享受',
 '京',
 '亭',
 '亮',
 '亲',
 '人',
 '人们',
 '人口',
 '人名',
 '人啊',
 '人家',
 '人是',
 '人物',
 '人的',
 '人称',
 '人称代词',
 '亿',
 '什',
 '什么',
 '什么东西',
 '什么事情',
 '什么什么',
 '什么什么东西',
 '什么什么什么',
 '什么什么的',
 '什么叫',
 '什么呀',
 '什么呢',
 '什么啊',
 '什么形式',
 '什么意思',
 '什么意思吗',
 '什么意思呀',
 '什么意思呢',
 '什么意思啊',
 '什么成分',
 '什么时候',
 '什么时候用',
 '什么时态',
 '什么是',
 '什么样',
 '什么样的',
 '什么的',
 '什么词',
 '什么词性',
 '仁',
 '仃',
 '仅',
 '仅仅',
 '仆',
 '仇',
 '今',
 '今天',
 '今天就',
 '今天我们',
 '今天晚上',
 '今天的',
 '今天的课',
 '今年',
 '介',
 '介意',
 '介绍',
 '介词',
 '介词后面',
 '介词的',
 '介词短语',
 '仍',
 '仍然',
 '从',
 '从句',
 '从句中',
 '从句是',
 '从句的',
 '从头',
 '从来',
 '从现',
 '从过去',
 '从这个',
 '仑',
 '仓',
 '仔',
 '仔细',
 '仕',
 '他',
 '他他',
 '他们',
 '他们两个',
 '他们在',
 '他们的',
 '他会',
 '他在',
 '他就',
 '他就是',
 '他已经',
 '他很',
 '他是',
 '他是一个',
 '他正在',
 '他没有',
 '他的',
 '他说',
 '他这个',
 '仗',
 '付',
 '仙',
 '代',
 '代指',
 '代替',
 '代表',
 '代词',
 '令',
 '令人',
 '以',
 '以上',
 '以上的',
 '以为',
 '以前',
 '以及',
 '以后',
 '以外',
 '以来',
 '以至于',
 '仨',
 '仪',
 '们',
 '仰',
 '仲',
 '件',
 '件事',
 '件事情',
 '价',
 '价值',
 '价格',
 '任',
 '任何',
 '任何一个',
 '任务',
 '份',
 '仿',
 '企',
 '伊',
 '伍',
 '伏',
 '伐',
 '休',
 '休息',
 '休息一下',
 '众',
 '优',
 '优秀',
 '伙',
 '会',
 '会不会',
 '会儿',
 '会发现',
 '会有',
 '会有一个',
 '会用',
 '会给你',
 '会议',
 '会讲',
 '会说',
 '伞',
 '伟',
 '传',
 '传统',
 '伤',
 '伦',
 '伦敦',
 '伪',
 '伯',
 '估',
 '估计',
 '伴',
 '伶',
 '伸',
 '伺',
 '似',
 '似乎',
 '伽',
 '但',
 '但其实',
 '但它',
 '但是',
 '但是他',
 '但是你',
 '但是你要',
 '但是呢',
 '但是如果',
 '但是它',
 '但是我',
 '但是我们',
 '但是这个',
 '但这个',
 '位',
 '位于',
 '位移',
 '位置',
 '低',
 '住',
 '住了',
 '住在',
 '佐',
 '体',
 '体会',
 '体现',
 '体育',
 '何',
 '佘',
 '余',
 '佛',
 '作',
 '作业',
 '作为',
 '作为一个',
 '作主语',
 '作定语',
 '作文',
 '作文里面',
 '作用',
 '作者',
 '作者的',
 '作表语',
 '你',
 '你一定要',
 '你不',
 '你不会',
 '你不用',
 '你不知道',
 '你不能',
 '你不要',
 '你之前',
 '你也',
 '你也可以',
 '你今天',
 '你以后',
 '你们',
 '你们现在',
 '你们的',
 '你们老师',
 '你会',
 '你会发现',
 '你你',
 '你做',
 '你像',
 '你先',
 '你再',
 '你写',
 '你刚刚',
 '你刚才',
 '你去',
 '你又',
 '你只要',
 '你可以',
 '你可以把它',
 '你可以用',
 '你可以说',
 '你可能',
 '你听',
 '你告诉我',
 '你喜欢',
 '你在',
 '你填',
 '你好',
 '你如果',
 '你对',
 '你就',
 '你就会',
 '你就可以',
 '你就是',
 '你就知道',
 '你就要',
 '你就记住',
 '你就说',
 '你已经',
 '你应该',
 '你得',
 '你怎么',
 '你想',
 '你想一下',
 '你想想',
 '你想要',
 '你把',
 '你把它',
 '你把这个',
 '你是',
 '你是不是',
 '你有',
 '你有没有',
 '你来',
 '你比如说',
 '你没',
 '你没有',
 '你现在',
 '你用',
 '你的',
 '你的笔记',
 '你的答案',
 '你的那个',
 '你直接',
 '你看',
 '你看一下',
 '你看你',
 '你看到',
 '你看啊',
 '你看它',
 '你看我',
 '你看我们',
 '你看看',
 '你看这',
 '你看这个',
 '你看这里',
 '你知道',
 '你知道吗',
 '你给我',
 '你肯定',
 '你能',
 '你能不能',
 '你自己',
 '你要',
 '你要是',
 '你要注意',
 '你要记住',
 '你觉得',
 '你记',
 '你记住',
 '你记得',
 '你讲我听',
 '你说',
 '你说的',
 '你说的是',
 '你读',
 '你还',
 '你还是',
 '你还记得',
 '你还记得吗',
 '你这',
 '你这个',
 '你选',
 '你选的',
 '你选的是',
 '你那个',
 '你那边',
 '你都',
 '你需要',
 '佣',
 '佩',
 '佬',
 '佳',
 '佼',
 '使',
 '使役',
 '使用',
 '使用的',
 '侄',
 '來',
 '侈',
 '例',
 '例句',
 '例如',
 '例子',
 '例题',
 '侍',
 '侏',
 '侘',
 '供',
 '依',
 '依据',
 '依然',
 '依赖',
 '依靠',
 '侠',
 '侣',
 '侥',
 '侦',
 '侧',
 '侧重',
 '侬',
 '侮',
 '侯',
 '侵',
 '便',
 '促',
 '俄',
 '俊',
 '俏',
 '俐',
 '俗',
 '俚',
 '保',
 '保护',
 '保持',
 '保持一致',
 '保留',
 '保证',
 '俞',
 '信',
 '信号',
 '信心',
 '信息',
 '俩',
 '俭',
 '修',
 '修理',
 '修饰',
 '修饰动词',
 '修饰名词',
 '修饰的',
 '修饰的是',
 '修饰这个',
 '俯',
 '俱',
 '俱乐部',
 '俺',
 '倍',
 '倍数',
 '倍的',
 '倒',
 '倒装',
 '倒装句',
 '倔',
 '倘',
 '候',
 '倚',
 '借',
 '借助',
 '倡',
 '倦',
 '倩',
 '倪',
 '债',
 '值',
 '值得',
 '倾',
 '假',
 '假如',
 '假如说',
 '假期',
 '假设',
 '偏',
 '做',
 '做一',
 '做一下',
 '做一个',
 '做一些',
 '做主语',
 '做了',
 '做了一个',
 '做什么',
 '做作业',
 '做做',
 '做出',
 '做出来',
 '做到',
 '做动词',
 '做名词',
 '做好',
 '做完',
 '做完了',
 '做定语',
 '做宾语',
 '做对',
 '做对了',
 '做形容词',
 '做得',
 '做某事',
 '做状语',
 '做的',
 '做的事情',
 '做的是',
 '做笔记',
 '做表语',
 '做过',
 '做这个',
 '做阅读',
 '做题',
 '做题的时候',
 '停',
 '停下来',
 '停止',
 '健',
 '健康',
 '健康的',
 '偭',
 '偶',
 '偶然',
 '偷',
 '偿',
 '傀',
 '傅',
 '傍',
 '储',
 '催',
 '傲',
 '傺',
 '傻',
 '像',
 '像什么',
 '像我们',
 '像这个',
 '像这种',
 '僧',
 '僵',
 '僻',
 '儒',
 '儡',
 '儿',
 '儿啊',
 '儿子',
 '儿是',
 '儿的',
 '儿童',
 '儿童节',
 '兀',
 '允',
 '允许',
 '元',
 '元音',
 '元音字母',
 '兄',
 '兄弟',
 '充',
 '充当',
 '充满',
 '兆',
 '先',
 '先不',
 '先做',
 '先把',
 '先把这个',
 '先来',
 '先生',
 '先看',
 '先看一下',
 '先行',
 '先行词',
 '先行词是',
 '先讲',
 '先说',
 '光',
 '克',
 '免',
 '兑',
 '兔',
 '党',
 '兜',
 '入',
 '全',
 '全文',
 '全等',
 '全部',
 '全部否定',
 '全都',
 '八',
 '八个',
 '八十',
 '八点',
 '公',
 '公交',
 '公交车',
 '公共',
 '公司',
 '公园',
 '公式',
 '六',
 '六个',
 '六十',
 '六点',
 '兮',
 '兰',
 '共',
 '共同',
 '关',
 '关于',
 '关于这个',
 '关心',
 '关注',
 '关系',
 '关系代词',
 '关系副词',
 '关系词',
 '关键',
 '关键词',
 '兴',
 '兴奋',
 '兴趣',
 '兵',
 '其',
 '其中',
 '其他',
 '其他人',
 '其他的',
 '其它',
 '其它的',
 '其实',
 '其实也',
 '其实你',
 '其实它',
 '其实就',
 '其实就是',
 '其实我们',
 '其实是',
 '其实这个',
 '其次',
 '具',
 '具体',
 '具体的',
 '典',
 '典型',
 '兹',
 '养',
 '兼',
 '兽',
 '内',
 '内容',
 '内部',
 '冉',
 '册',
 '再',
 '再做',
 '再再',
 '再加',
 '再加一个',
 '再加上',
 '再去',
 '再多',
 '再把',
 '再来',
 '再来看',
 '再来看一下',
 '再看',
 '再看一下',
 '再看看',
 '再看这个',
 '再给你',
 '再见',
 '再记',
 '再讲',
 '再说',
 '再说一遍',
 '冒',
 '冒险',
 '冗',
 '写',
 '写一',
 '写一下',
 '写一个',
 '写一遍',
 '写上',
 '写下来',
 '写个',
 '写了',
 '写什么',
 '写作',
 '写作业',
 '写作文',
 '写信',
 '写出来',
 '写到',
 '写吗',
 '写啊',
 '写在',
 '写字',
 '写完',
 '写完了',
 '写成',
 '写的',
 '写的时候',
 '写的是',
 '写这个',
 '写错了',
 '军',
 '农',
 '冠',
 '冠词',
 '冤',
 '冥',
 '冬',
 '冬天',
 '冯',
 '冰',
 '冲',
 '决',
 '决定',
 '况',
 '冷',
 '冻',
 '净',
 '凄',
 '准',
 '准备',
 '准时',
 '准确',
 '凉',
 '凋',
 '凌',
 '减',
 '凑',
 '凝',
 '几',
 '几个',
 '几乎',
 '几乎不',
 '几乎没有',
 '几分钟',
 '几天',
 '几次',
 '几点',
 '几种',
 '几遍',
 '几道题',
 '凡',
 '凤',
 '凭',
 '凯',
 '凳',
 '凶',
 '凸',
 '凸透镜',
 '凹',
 '出',
 '出一个',
 '出了',
 '出去',
 '出发',
 '出国',
 '出来',
 '出来了',
 '出来的',
 '出版',
 '出现',
 '出现了',
 '出现在',
 '出现的',
 '出生',
 '出的',
 '出错',
 '出题',
 '击',
 '函',
 '函数',
 '凿',
 '刀',
 '刁',
 '刃',
 '分',
 '分为',
 '分之',
 '分之一',
 '分享',
 '分儿',
 '分别',
 '分开',
 '分成',
 '分数',
 '分析',
 '分析一下',
 '分清楚',
 '分的',
 '分类',
 '分词',
 '分钟',
 '切',
 '切线',
 '刊',
 '刑',
 '划',
 '划掉',
 '划线',
 '列',
 '刘',
 '则',
 '刚',
 '刚刚',
 '刚刚我们',
 '刚刚说',
 '刚刚那个',
 '刚好',
 '刚开始',
 '刚才',
 '刚才我们',
 '刚才那个',
 '创',
 '创造',
 '初',
 '初一',
 '初三',
 '初中',
 '初二',
 '删',
 '判',
 '判断',
 '判断一下',
 '判断出来',
 '刨',
 '利',
 '利用',
 '别',
 '别人',
 '别的',
 '刮',
 '到',
 '到一个',
 '到了',
 '到后面',
 '到处',
 '到底',
 '到底是',
 '到时候',
 '到最后',
 '到现在',
 '到的',
 '到达',
 '到这',
 '到这个',
 '到这儿',
 '到这里',
 '到那个',
 '制',
 '制造',
 '刷',
 '券',
 '刹',
 '刺',
 '刻',
 '剁',
 '剂',
 '剃',
 '削',
 '剌',
 '前',
 '前后',
 '前天',
 '前提',
 '前缀',
 '前边',
 '前面',
 '前面是',
 '前面有',
 '前面的',
 '前面的这个',
 '前面这个',
 '前面那个',
 '剑',
 '剔',
 '剖',
 '剥',
 '剧',
 '剩',
 '剩下',
 '剩下的',
 '剪',
 '副',
 '副词',
 '副词的',
 '割',
 '劈',
 '力',
 '劝',
 '办',
 '办公',
 '办法',
 '功',
 '功能',
 '加',
 '加一个',
 '加上',
 '加上一个',
 '加个',
 '加了',
 '加了一个',
 '加什么',
 '加入',
 '加名词',
 '加形容词',
 '加撇',
 '加油',
 '加的是',
 '务',
 '劣',
 '动',
 '动作',
 '动作的',
 '动名词',
 '动物',
 '动词',
 '动词不定式',
 '动词加',
 '动词原型',
 '动词原形',
 '动词后面',
 '动词啊',
 '动词是',
 '动词的',
 '动词短语',
 '助',
 '助动词',
 '努',
 '努力',
 '劫',
 '励',
 '劲',
 '劳',
 '势',
 '勃',
 '勇',
 '勉',
 '勋',
 '勒',
 '勘',
 '募',
 '勤',
 '勺',
 '勾',
 '勿',
 '匀',
 '包',
 '包含',
 '包括',
 '匆',
 '化',
 '化学',
 '北',
 '北京',
 '匙',
 '匠',
 '匣',
 '匪',
 '匮',
 '匹',
 '区',
 '区分',
 '区分一下',
 '区分开',
 '区别',
 '医',
 '医生',
 '医院',
 '匿',
 '十',
 '十一',
 '十三',
 '十个',
 '十九',
 '十二',
 '十五',
 '十八',
 '十六',
 '十分',
 '十分钟',
 '十四',
 '十点',
 '千',
 '千万',
 '千万不要',
 '升',
 '午',
 '午饭',
 '半',
 '半个小时',
 '半句',
 '半径',
 '半部分',
 '华',
 '协',
 '卑',
 '卒',
 '卓',
 '单',
 '单三',
 '单位',
 '单元',
 '单复数',
 '单复数同形',
 '单数',
 '单数名词',
 '单数形式',
 '单数还是复数',
 '单独',
 '单纯',
 '单词',
 '单词啊',
 '单词是',
 '单词的',
 '单选',
 '卖',
 '南',
 '博',
 '卜',
 '占',
 '卡',
 '卢',
 '卤',
 '卧',
 '卫',
 '印',
 '印象',
 '印象吗',
 '危',
 '危险',
 '即',
 '即使',
 '却',
 '卵',
 '卷',
 '卷子',
 '卸',
 '厂',
 '厄',
 '厅',
 '历',
 '历史',
 '厉',
 '厉害',
 '压',
 '压力',
 '厌',
 '厕',
 '厘',
 '厚',
 '原',
 '原则',
 '原句',
 '原因',
 '原型',
 '原形',
 '原文',
 '原文中',
 '原本',
 '原来',
 '原级',
 '厢',
 '厥',
 '厦',
 '厨',
 '去',
 '去上学',
 '去了',
 '去做',
 '去做某事',
 '去学校',
 '去年',
 '去找',
 '去掉',
 '去看',
 '去记',
 '去过',
 '县',
 '参',
 '参加',
 '参观',
 '又',
 '又是',
 '又有',
 '叉',
 '及',
 '及时',
 '及物',
 '及物动词',
 '友',
 '友好',
 '双',
 '双写',
 '双宾语',
 '反',
 '反义',
 '反义疑问句',
 '反义词',
 '反复',
 '反应',
 '反正',
 '反正就是',
 '反身',
 '反身代词',
 '发',
 '发出',
 '发展',
 '发明',
 '发现',
 '发生',
 '发生了',
 '发生在',
 '发生在过去',
 '发生的',
 '发生的事情',
 '发生的动作',
 '发的',
 '发给你',
 '发音',
 '发音的',
 '叔',
 '取',
 '取决',
 '取决于',
 '取得',
 '受',
 '受伤',
 '受欢迎',
 '变',
 '变为',
 '变化',
 '变化的',
 '变复数',
 '变形',
 '变得',
 '变成',
 '变成了',
 '变成了一个',
 '变成复数',
 '变换',
 '变的',
 '变量',
 '叙',
 '叙述',
 '叛',
 '叠',
 '口',
 '口诀',
 '口语',
 '古',
 '句',
 '句中',
 '句号',
 '句型',
 '句子',
 '句子中',
 '句子成分',
 '句子的',
 '句子结构',
 '句子里面',
 '句式',
 '句意',
 '句末',
 '句法',
 '句话',
 '句首',
 '另',
 '另一',
 '另一个',
 '另外',
 '另外一个',
 '叨',
 '只',
 '只不过',
 '只是',
 '只是一个',
 '只有',
 '只有一个',
 '只用',
 '只能',
 '只能用',
 '只要',
 '只需要',
 '叫',
 '叫什么',
 '叫做',
 '召',
 '叭',
 '叮',
 '可',
 '可不可以',
 '可以',
 '可以做',
 '可以加',
 '可以可以',
 '可以吗',
 '可以把',
 '可以把它',
 '可以是',
 '可以理解吗',
 '可以用',
 '可以的',
 '可以直接',
 '可以省略',
 '可以看',
 '可以看到',
 '可以表示',
 '可以记一下',
 '可以说',
 '可数',
 '可数名词',
 '可数名词单数',
 '可数名词复数',
 '可数名词的',
 '可数名词的复数',
 '可数的',
 '可是',
 '可爱',
 '可能',
 '可能会',
 '可能就',
 '可能就是',
 '可能性',
 '可能是',
 '台',
 '史',
 '右',
 '右边',
 '叶',
 '号',
 '号码',
 '司',
 '叹',
 '叼',
 '叽',
 '吁',
 '吃',
 '吃了',
 '吃的',
 '吃饭',
 '各',
 '各种',
 '各种各',
 '吆',
 '合',
 '合适',
 '吉',
 '吊',
 '同',
 '同一个',
 '同义',
 '同位',
 '同位语',
 '同位语从句',
 '同学',
 '同形',
 '同意',
 '同时',
 '同样',
 '同样的',
 '名',
 '名字',
 '名的',
 '名称',
 '名词',
 '名词和',
 '名词啊',
 '名词就是',
 '名词形式',
 '名词性',
 '名词性从句',
 '名词性物主代词',
 '名词所有格',
 '名词是',
 '名词的',
 '后',
 '后天',
 '后来',
 '后缀',
 '后置',
 '后置定语',
 '后边',
 '后边儿',
 '后面',
 '后面加',
 '后面就',
 '后面就是',
 '后面接',
 '后面是',
 '后面有',
 '后面的',
 '后面的这个',
 '后面跟',
 '后面还有',
 '后面这个',
 '后面那个',
 '吏',
 '吐',
 '向',
 '向于',
 '向量',
 '吒',
 '吓',
 '吕',
 '吗',
 '吗你',
 '吗嗯',
 '吗对吧',
 '吗就是',
 '吗还是',
 '吗这个',
 '君',
 '吝',
 '吞',
 '吟',
 '否',
 '否则',
 '否定',
 '否定句',
 '否定回答',
 '否定形式',
 '否定的',
 '否定词',
 '吧',
 '吧你',
 '吧啊',
 '吧嗯',
 '吧对吧',
 '吧就',
 '吧就是',
 '吧我',
 '吧然后',
 '吧这个',
 '吧那',
 '吨',
 '吩',
 '含',
 '含义',
 '含有',
 '听',
 '听一下',
 '听写',
 '听到',
 '听力',
 '听得',
 '听懂',
 '听清',
 '听清楚',
 '听见',
 '听起来',
 '听过',
 '吭',
 '启',
 '吱',
 '吴',
 '吵',
 '吸',
 '吸引',
 '吹',
 '吻',
 '吼',
 '吾',
 '呀',
 '呀对吧',
 '呀这个',
 '呃',
 '呃你',
 '呃呃',
 '呃在',
 '呃就是',
 '呃我',
 '呃这个',
 '呃那个',
 '呆',
 '呈',
 '告',
 '告诉',
 '告诉你',
 '告诉我',
 '告诉我们',
 '告诉老师',
 '呐',
 '呕',
 '呗',
 '员',
 '呛',
 '呜',
 '呢',
 '呢也',
 '呢也是',
 '呢他',
 '呢你',
 '呢其实',
 '呢呃',
 '呢咱们',
 '呢啊',
 '呢嗯',
 '呢因为',
 '呢在',
 '呢它',
 '呢它是',
 '呢就',
 '呢就是',
 '呢就是说',
 '呢我',
 '呢我们',
 '呢我们就',
 '呢是',
 '呢有',
 '呢还是',
 '呢这个',
 '呢那',
 '呢都是',
 '呣',
 '呦',
 '周',
 '周六',
 '周围',
 '周日',
 '周末',
 '呱',
 '呲',
 '味',
 '呵',
 '呵呵',
 '呸',
 '呼',
 '命',
 '命令',
 '咀',
 '咄',
 '咋',
 '和',
 '和什么',
 '和从句',
 '和他',
 '和你',
 '和它',
 '和我',
 '和短语',
 '和过去分词',
 '和这个',
 '和那个',
 '咎',
 '咏',
 '咐',
 '咒',
 '咔',
 '咕',
 '咖',
 '咖啡',
 '咙',
 '咚',
 '咛',
 '咝',
 '咣',
 '咦',
 '咧',
 '咨',
 '咩',
 '咪',
 '咬',
 '咯',
 '咱',
 '咱们',
 '咱们之前',
 '咱们今天',
 '咱们先',
 '咱们再',
 '咱们就',
 '咱们来',
 '咱们现在',
 '咱们的',
 '咱们看',
 '咱们说',
 '咱们这个',
 '咱俩',
 '咳',
 '咸',
 '咽',
 '咿',
 '哀',
 '品',
 '哄',
 '哆',
 '哇',
 '哈',
 '哈哈',
 '哈这个',
 '哈那',
 '响',
 '哎',
 '哎呀',
 '哎呦',
 '哎对',
 '哎这个',
 '哏',
 '哑',
 '哒',
 '哔',
 '哗',
 '哞',
 '哟',
 '哥',
 '哥哥',
 '哦',
 '哦对',
 '哧',
 '哨',
 '哩',
 '哪',
 '哪一个',
 '哪一个呢',
 '哪一个是',
 '哪两个',
 '哪个',
 '哪个单词',
 '哪个地方',
 '哪个是',
 '哪个词',
 '哪些',
 '哪儿',
 '哪几个',
 '哪种',
 '哪里',
 '哭',
 '哲',
 '哺',
 '哼',
 '唆',
 '唇',
 '唉',
 '唏',
 '唐',
 '唔',
 '唠',
 '唤',
 '唧',
 '唬',
 '售',
 '唯',
 '唯一',
 '唰',
 '唱',
 '唱歌',
 '唷',
 '唻',
 '唾',
 '啃',
 '商',
 '商店',
 '啊',
 '啊一个',
 '啊不',
 '啊不是',
 '啊什么',
 '啊今天',
 '啊他',
 '啊但是',
 '啊你',
 '啊你看',
 '啊其实',
 '啊呃',
 '啊咱们',
 '啊啊',
 '啊嗯',
 '啊因为',
 '啊在',
 '啊好',
 '啊如果',
 '啊它',
 '啊它是',
 '啊对',
 '啊对吧',
 '啊就',
 '啊就是',
 '啊我',
 '啊我们',
 '啊或者',
 '啊或者是',
 '啊所以',
 '啊是',
 '啊是不是',
 '啊有',
 '啊来',
 '啊比如说',
 '啊没有',
 '啊然后',
 '啊现在',
 '啊用',
 '啊老师',
 '啊还是',
 '啊还有',
 '啊这',
 '啊这个',
 '啊这个是',
 '啊这些',
 '啊这是',
 '啊这里',
 '啊那',
 '啊首先',
 '啕',
 '啤',
 '啥',
 '啥呀',
 '啥意思',
 '啦',
 '啧',
 '啪',
 '啬',
 '啰',
 '啵',
 '啸',
 '啼',
 '喂',
 '善',
 '善于',
 '善良',
 '喇',
 '喉',
 '喊',
 '喋',
 '喏',
 '喔',
 '喘',
 '喜',
 '喜欢',
 '喝',
 '喧',
 '喱',
 '喳',
 '喵',
 '喷',
 '喻',
 '喽',
 '嗅',
 '嗐',
 '嗑',
 '嗒',
 '嗓',
 '嗜',
 '嗝',
 '嗞',
 '嗟',
 '嗡',
 '嗤',
 '嗦',
 '嗨',
 '嗯',
 '嗯你',
 '嗯嗯',
 '嗯好',
 '嗯对',
 '嗯就是',
 '嗯很好',
 '嗯我',
 '嗯然后',
 '嗯这个',
 '嗯那',
 '嗷',
 '嗽',
 '嘀',
 '嘁',
 '嘈',
 '嘉',
 '嘎',
 '嘘',
 '嘚',
 '嘛',
 '嘛对不对',
 '嘛对吧',
 '嘛就',
 '嘛就是',
 '嘛所以',
 '嘛然后',
 '嘞',
 '嘟',
 '嘣',
 '嘤',
 '嘭',
 '嘱',
 '嘲',
 '嘲笑',
 '嘴',
 '嘴巴',
 '嘶',
 '嘻',
 '嘿',
 '噌',
 '噎',
 '噔',
 '噗',
 '噜',
 '噢',
 '器',
 '噩',
 '噪',
 '噪音',
 '噫',
 '噻',
 '嚎',
 '嚏',
 '嚓',
 '嚯',
 '嚼',
 '囊',
 '囔',
 '四',
 '四个',
 '四个选项',
 '四五',
 '四十',
 '四种',
 '四题',
 '回',
 '回事',
 '回到',
 '回去',
 '回头',
 '回家',
 '回忆',
 '回忆一下',
 '回来',
 '回答',
 '回答是',
 '回过',
 '回顾',
 '回顾一下',
 '因',
 '因为',
 '因为他',
 '因为你',
 '因为它',
 '因为它是',
 '因为我',
 '因为我们',
 '因为是',
 '因为这个',
 '因果',
 '因此',
 '因素',
 '团',
 '囤',
 '囧',
 '园',
 '困',
 '困难',
 '困难的',
 '囱',
 '围',
 '固',
 '固定',
 '固定搭配',
 '固定的',
 '国',
 '国人',
 '国外',
 '国家',
 '国际',
 '图',
 '图书',
 '图书馆',
 '图像',
 '图片',
 '圆',
 '圆周',
 '圈',
 '土',
 '土豆',
 '圣',
 '在',
 '在一个',
 '在一起',
 '在上面',
 '在了',
 '在于',
 '在什么',
 '在什么什么',
 '在你',
 '在你的',
 '在做',
 '在前',
 '在前面',
 '在句子中',
 '在后面',
 '在哪',
 '在哪儿',
 '在哪里',
 '在在',
 '在学校',
 '在家',
 '在家里',
 '在我',
 '在我们',
 '在旁边',
 '在看',
 '在英语',
 '在讲',
 '在这',
 '在这个',
 '在这个地方',
 '在这儿',
 '在这里',
 '在这里面',
 '在那',
 '在那个',
 '在那儿',
 '在那里',
 '在里面',
 '圭',
 '地',
 '地名',
 '地图',
 '地方',
 '地点',
 '地点副词',
 '地点状语',
 '地球',
 '地理',
 '地道',
 '地铁',
 '圳',
 '场',
 '址',
 '均',
 '坊',
 '坍',
 '坎',
 '坏',
 '坐',
 '坐在',
 '坐标',
 '坑',
 '块',
 '块儿',
 '坚',
 '坚持',
 '坛',
 '坝',
 '坟',
 '坠',
 '坡',
 '坤',
 '坦',
 '坨',
 '坪',
 '坷',
 '垂',
 '垂直',
 '垃圾',
 '型',
 '垛',
 '垢',
 '垫',
 '埃',
 '埋',
 '城',
 '城市',
 '域',
 '培',
 '基',
 '基数词',
 '基本',
 '基本上',
 '基本用法',
 '基本的',
 '基本结构',
 '基础',
 '堂',
 '堂课',
 '堆',
 '堕',
 '堡',
 '堤',
 '堪',
 '堵',
 '塌',
 '塑',
 '塔',
 '塘',
 '塞',
 '填',
 '填一下',
 '填一个',
 '填什么',
 '填的',
 '填的是',
 '填空',
 '境',
 '墅',
 '墓',
 '墙',
 '墙上',
 '增',
 '增加',
 '墟',
 '墨',
 '壁',
 '壤',
 '士',
 '壮',
 '声',
 '声音',
 '壳',
 '壶',
 '壹',
 '处',
 '处于',
 '处理',
 '备',
 '复',
 '复习',
 '复习一下',
 '复合',
 '复合不定代词',
 '复合句',
 '复数',
 '复数名词',
 '复数形式',
 '复数的',
 '复杂',
 '复述',
 '夏',
 '夏天',
 '夕',
 '外',
 '外国',
 '外国人',
 '外面',
 '多',
 '多个',
 '多久',
 '多么',
 '多了',
 '多了一个',
 '多多',
 '多少',
 '多少钱',
 '多数',
 '多的',
 '多看',
 '多读',
 '多长时间',
 '夜',
 '够',
 '大',
 '大了',
 '大于',
 '大写',
 '大利',
 '大声',
 '大多数',
 '大学',
 '大家',
 '大小',
 '大意',
 '大概',
 '大的',
 '大类',
 '大胆',
 '大致',
 '大部分',
 '大量',
 '天',
 '天呐',
 '天天',
 '天气',
 '太',
 '太多',
 '太多了',
 '太长',
 '太阳',
 '太难',
 '夫',
 '夭',
 '央',
 '夯',
 '失',
 '失去',
 '失败',
 '头',
 '头发',
 '夷',
 '夸',
 '夹',
 '夺',
 '奄',
 '奇',
 '奇怪',
 '奇怪的',
 '奈',
 '奉',
 '奋',
 '奏',
 '契',
 '奔',
 '奕',
 '奖',
 '奖励',
 '套',
 '奠',
 '奢',
 '奥',
 '女',
 '女人',
 '女儿',
 '女士',
 '女孩',
 '女孩儿',
 '女生',
 '奴',
 '奶',
 '奸',
 '她',
 '她们',
 '她是',
 '她的',
 '好',
 '好一点',
 '好下一个',
 '好下面',
 '好不好',
 '好了',
 '好了吗',
 '好像',
 '好像是',
 '好吗',
 '好吧',
 '好啊',
 '好处',
 '好多',
 '好好',
 '好好的',
 '好我们',
 '好我们来看',
 '好接下来',
 '好然后',
 '好的',
 '好看',
 '好这个',
 '好那',
 '好那么',
 '好那我们',
 '如',
 '如何',
 '如果',
 '如果不',
 '如果他',
 '如果你',
 '如果你要',
 '如果它',
 '如果我',
 '如果我们',
 '如果是',
 '如果有',
 '如果没有',
 '如果用',
 '如果要',
 '如果说',
 '如果这个',
 '如此',
 '妄',
 '妆',
 '妇',
 '妈',
 '妈妈',
 '妒',
 '妓',
 '妖',
 '妙',
 '妞',
 '妥',
 '妨',
 '妮',
 '妲',
 '妹',
 '妹妹',
 '妻',
 '妻子',
 '妾',
 '姆',
 '始',
 '姐',
 '姐姐',
 '姑',
 '姓',
 '委',
 '委婉',
 '姚',
 '姜',
 '姥',
 '姨',
 '姬',
 '姻',
 '姿',
 '威',
 '娃',
 '娅',
 '娇',
 '娘',
 '娜',
 '娟',
 '娥',
 '娱',
 '娴',
 '娶',
 '婆',
 '婉',
 '婊',
 '婚',
 '婪',
 '婴',
 '婵',
 '婶',
 '婷',
 '婿',
 '媒',
 '媚',
 '媳',
 '嫁',
 '嫂',
 '嫉',
 '嫌',
 '嫖',
 '嫦',
 '嫩',
 '嬛',
 '子',
 '子的',
 '孔',
 '孕',
 '字',
 '字典',
 '字母',
 '字面',
 '存',
 '存在',
 '存在的状态',
 '孙',
 '孚',
 '孝',
 '孟',
 '季',
 '季节',
 '孤',
 '学',
 '学习',
 '学习英语',
 '学了',
 '学会',
 '学到',
 '学期',
 '学校',
 '学校的',
 '学生',
 '学的',
 '学的是',
 '学科',
 '学英语',
 '学过',
 '学过吗',
 '学过的',
 '孩',
 '孩儿',
 '孩子',
 '孩子们',
 '孪',
 '孵',
 '宁',
 '它',
 '它一般',
 '它不',
 '它不是',
 '它也',
 '它也是',
 '它们',
 '它们两个',
 '它们俩',
 '它们是',
 '它们的',
 '它们都是',
 '它会',
 '它俩',
 '它其实',
 '它到底',
 '它前面',
 '它只是',
 '它可以',
 '它可能',
 '它后面',
 '它和',
 '它在',
 '它它',
 '它就',
 '它就是',
 '它就是一个',
 '它应该是',
 '它是',
 '它是一个',
 '它是一个名词',
 '它是一个形容词',
 '它是不是',
 '它是个',
 '它是什么',
 '它是什么意思',
 '它是有',
 '它是表示',
 '它有',
 '它有一个',
 '它本身',
 '它没有',
 '它的',
 '它的一个',
 '它的动词',
 '它的名词',
 '它的形容词',
 '它的意思',
 '它的意思是',
 '它的用法',
 '它的过去分词',
 '它的过去式',
 '它的这个',
 '它的那个',
 '它给',
 '它表示',
 '它表示的是',
 '它要',
 '它说',
 '它跟',
 '它还有',
 '它这',
 '它这个',
 '它这里',
 '它那个',
 '它都是',
 '宅',
 '宇',
 '守',
 '安',
 '安全',
 '安排',
 '安静',
 '宋',
 '完',
 '完之后',
 '完了',
 '完了之后',
 '完了吗',
 '完全',
 '完全正确',
 '完型',
 '完型填空',
 '完形',
 '完形填空',
 '完成',
 '完成了',
 '完成时',
 '完整',
 '完整的',
 '完整的句子',
 '完美',
 '宏',
 '宕',
 '宗',
 '官',
 '宙',
 '定',
 '定义',
 '定冠词',
 '定语',
 '定语从句',
 '宛',
 '宜',
 '宝',
 '实',
 '实义',
 '实义动词',
 '实在',
 '实意',
 '实意动词',
 '实现',
 '实际',
 '实际上',
 '实验',
 '宠',
 '审',
 '客',
 '客人',
 '客观',
 '宣',
 '室',
 '室友',
 '宫',
 '宰',
 '害',
 '害怕',
 '宴',
 '宵',
 '家',
 '家人',
 '家具',
 '家务',
 '家庭',
 '家庭作业',
 '家里',
 '家长',
 '容',
 '容易',
 '宽',
 '宾',
 '宾格',
 '宾补',
 '宾语',
 '宾语从句',
 '宾语的',
 '宾语补足语',
 '宿',
 '寂',
 '寄',
 '密',
 '密码',
 '富',
 '寐',
 '寒',
 '寓',
 '寝',
 '寞',
 '察',
 '寥',
 '寮',
 '寸',
 '对',
 '对一下',
 '对不对',
 '对不对啊',
 '对不对那',
 '对了',
 '对于',
 '对什么',
 '对什么什么',
 '对他',
 '对你',
 '对你来说',
 '对吗',
 '对吧',
 '对吧嗯',
 '对吧好',
 '对吧就是',
 '对吧所以',
 '对吧然后',
 '对吧这个',
 '对吧那',
 '对呀',
 '对啊',
 '对它',
 '对对',
 '对对对',
 '对就是',
 '对应',
 '对应的',
 '对很好',
 '对我',
 '对我们',
 '对所以',
 '对方',
 '对比',
 '对然后',
 '对现在',
 '对的',
 '对称',
 '对话',
 '对象',
 '对这个',
 '对那',
 '寺',
 '寻',
 '寻找',
 '导',
 '导致',
 '寿',
 '封',
 '射',
 '将',
 '将会',
 '将来',
 '将来时',
 '将来进行时',
 '将要',
 '尉',
 '尊',
 '小',
 '小于',
 '小偷',
 '小学',
 '小孩',
 '小小',
 '小小的',
 '小心',
 '小时',
 '小明',
 '小的',
 '小说',
 '小问题',
 '少',
 '少了',
 '少了一个',
 '少的',
 '尔',
 '尖',
 '尘',
 '尚',
 '尝',
 '尝试',
 '尝试着',
 '尝起来',
 '尤',
 '尤其',
 '尤其是',
 '尬',
 '就',
 '就上',
 '就不',
 '就不会',
 '就不是',
 '就不用',
 '就不能',
 '就不要',
 '就不说了',
 '就不需要',
 '就会',
 '就你',
 '就像',
 '就先',
 '就变成',
 '就变成了',
 '就叫',
 '就可以',
 '就可以了',
 '就可以用',
 '就可以说',
 '就在',
 '就在于',
 '就好',
 '就好了',
 '就就',
 '就已经',
 '就应该',
 '就开始',
 '就很',
 '就把',
 '就是',
 '就是一',
 '就是一个',
 '就是一些',
 '就是不',
 '就是什么',
 '就是从',
 '就是他',
 '就是以',
 '就是你',
 '就是关于',
 '就是加',
 '就是呃',
 '就是咱们',
 '就是啊',
 '就是嗯',
 '就是因为',
 '就是在',
 '就是如果',
 '就是它',
 '就是它的',
 '就是对',
 '就是就是',
 '就是我',
 '就是我们',
 '就是把',
 '就是有',
 '就是比如说',
 '就是没有',
 '就是用',
 '就是表示',
 '就是要',
 '就是说',
 '就是说你',
 '就是说呃',
 '就是说它',
 '就是说我',
 '就是说这个',
 '就是这',
 '就是这个',
 '就是这个意思',
 '就是这些',
 '就是这样',
 '就是这种',
 '就是那个',
 '就是那种',
 '就有',
 '就比如说',
 '就比较',
 '就没',
 '就没有',
 '就用',
 '就直接',
 '就相当于',
 '就看',
 '就知道',
 '就等于',
 '就算',
 '就能',
 '就行',
 '就行了',
 '就表示',
 '就要',
 '就要用',
 '就说',
 '就说明',
 '就跟',
 '就近原则',
 '就这',
 '就这个',
 '就这个意思',
 '就这么',
 '就这样',
 '就选',
 '就需要',
 '尴',
 '尴尬',
 '尸',
 '尹',
 '尺',
 '尼',
 '尽',
 '尽可能',
 '尽管',
 '尽量',
 '尾',
 '尿',
 '局',
 '屁',
 '层',
 '居',
 '屈',
 '屉',
 '届',
 '屋',
 '屎',
 '屏',
 '屏幕',
 '屑',
 '展',
 '展示',
 '属',
 '属于',
 '属关系',
 '屠',
 '屡',
 '履',
 '山',
 '屿',
 '岁',
 '岂',
 '岐',
 '岔',
 '岗',
 '岚',
 '岛',
 '岩',
 '岭',
 '岳',
 '岸',
 '峡',
 '峥',
 '峭',
 '峰',
 '峻',
 '崇',
 '崔',
 '崖',
 '崛',
 '崩',
 '崭',
 '嵌',
 '巅',
 '川',
 '州',
 '巡',
 '巢',
 '工',
 '工作',
 '工具',
 '工厂',
 '左',
 '左右',
 '左边',
 '巧',
 '巨',
 '巩',
 '巩固',
 '巫',
 '差',
 '差不多',
 '差不多了',
 '差别',
 '己',
 '已',
 '已知',
 '已经',
 '已经是',
 '已经有',
 '巴',
 '巾',
 '币',
 '市',
 '布',
 '布置',
 '帅',
 '帆',
 '师',
 '希',
 '希望',
 '希望你',
 '帐',
 '帕',
 '帖',
 '帘',
 '帚',
 '帜',
 '帝',
 '带',
 '带来',
 '带着',
 '带着你',
 '带进去',
 '帧',
 '席',
 '帮',
 '帮你',
 '帮助',
 '帮助你',
 '帮助我',
 '帮我',
 '常',
 '常常',
 '常用',
 '常用的',
 '常考',
 '常见',
 '常见的',
 '常识',
 '帽',
 '帽子',
 '幂',
 '幅',
 '幔',
 '幕',
 '幢',
 '干',
 '干什么',
 '干净',
 '干啥',
 '干嘛',
 '平',
 '平均',
 '平常',
 '平方',
 '平时',
 '平行',
 '年',
 '年了',
 '年代',
 '年前',
 '年的',
 '年级',
 '年轻',
 '年轻人',
 '年龄',
 '并',
 '并不',
 '并不是',
 '并且',
 '并列',
 '并列句',
 '并没有',
 '幸',
 '幸福',
 '幸运',
 '幺',
 '幻',
 '幼',
 '幽',
 '广',
 '广告',
 '庄',
 '庆',
 '庇',
 '床',
 '序',
 '序数词',
 '庐',
 '库',
 '应',
 '应付',
 '应用',
 '应该',
 '应该也',
 '应该会',
 '应该填',
 '应该填什么',
 '应该就是',
 '应该怎么',
 '应该怎么变',
 '应该怎么翻译',
 '应该怎么说',
 '应该怎么说呢',
 '应该是',
 '应该是一个',
 '应该是什么',
 '应该是用',
 '应该是选',
 '应该用',
 '应该用什么',
 '应该用哪个',
 '应该说',
 '应该选',
 '应该选什么',
 '应该选哪个',
 '底',
 '底下',
 '店',
 '庙',
 '庚',
 '府',
 '庞',
 '废',
 '度',
 '座',
 '庭',
 '康',
 '庸',
 '廉',
 '廊',
 '延',
 '延伸',
 '延续',
 '延续性',
 '延续性动词',
 '延迟',
 '廷',
 '建',
 '建立',
 '建筑',
 '建议',
 '建造',
 '开',
 '开口',
 '开头',
 '开始',
 '开始上课',
 '开始讲',
 '开学',
 '开心',
 '开车',
 '异',
 '弃',
 '弄',
 '弊',
 '式',
 '式子',
 '弓',
 '引',
 '引入',
 '引导',
 '引导的',
 '引导词',
 '引申',
 '引起',
 '弗',
 '弘',
 '弟',
 '弟弟',
 '张',
 '弥',
 '弦',
 '弧',
 '弯',
 '弱',
 '弹',
 '弹钢琴',
 '强',
 '强烈',
 '强调',
 '强调一下',
 '强调句',
 '强调的',
 '强调的是',
 '强调这个',
 '归',
 '归纳',
 '当',
 '当中',
 '当中的',
 '当什么什么',
 '当他',
 '当你',
 '当做',
 '当地',
 '当它',
 '当我',
 '当时',
 '当然',
 '录',
 '彘',
 '形',
 '形容',
 '形容词',
 '形容词副词',
 '形容词和',
 '形容词和副词',
 '形容词啊',
 '形容词性物主代词',
 '形容词是',
 '形容词的',
 '形式',
 '形式主语',
 '形式宾语',
 '形式是',
 '形成',
 '形状',
 '形象',
 '彤',
 '彦',
 '彩',
 '彬',
 '彭',
 '彰',
 '影',
 '影响',
 '役',
 '彻',
 '彼',
 '往',
 '往上',
 '往下',
 '往下看',
 '往前',
 '往后',
 '往后看',
 '往后面',
 '往往',
 '征',
 '径',
 '待',
 '待会',
 '待会儿',
 '很',
 '很不',
 '很不错',
 '很久',
 '很像',
 '很多',
 '很多人',
 '很多的',
 '很大',
 '很大的',
 '很奇怪',
 '很好',
 '很好啊',
 '很好的',
 '很容易',
 '很少',
 '很常见',
 '很开心',
 '很很',
 '很快',
 '很明显',
 '很有',
 '很有趣',
 '很棒',
 '很清楚',
 '很简单',
 '很重要',
 '很重要的',
 '很长',
 '很难',
 '很高',
 '徊',
 '律',
 '徐',
 '徒',
 '得',
 '得不',
 '得到',
 '得到了',
 '得用',
 '徘',
 '徙',
 '御',
 '循',
 '微',
 '德',
 '徽',
 '心',
 '心情',
 '心理',
 '心的',
 '心里',
 '必',
 '必要',
 '必须',
 '必须得',
 '必须要',
 '忆',
 '忌',
 '忍',
 '忍受',
 '忐',
 '忑',
 '忒',
 '志',
 '志愿',
 '忘',
 '忘了',
 '忘记',
 '忘记了',
 '忙',
 '忠',
 '忧',
 '快',
 '快一点',
 '快乐',
 '快点',
 '快的',
 '快速',
 '快速的',
 '忱',
 '忳',
 '念',
 '念一下',
 '忽',
 '忽略',
 '怀',
 '态',
 '态度',
 '怂',
 '怅',
 '怎',
 '怎么',
 '怎么了',
 '怎么做',
 '怎么写',
 '怎么办',
 '怎么去',
 '怎么变',
 '怎么填',
 '怎么念',
 '怎么怎么',
 '怎么怎么样',
 '怎么拼',
 '怎么改',
 '怎么来',
 '怎么样',
 '怎么样呢',
 '怎么样的',
 '怎么用',
 '怎么翻译',
 '怎么翻译呢',
 '怎么表达',
 '怎么说',
 '怎么说吗',
 '怎么说呀',
 '怎么说呢',
 '怎么说啊',
 '怎么说的',
 '怎么读',
 '怎样',
 '怎样的',
 '怒',
 '怔',
 '怕',
 '怖',
 '怜',
 '思',
 '思想',
 '思维',
 '思考',
 '思考一下',
 '思路',
 '怠',
 '怡',
 '急',
 '性',
 '性动词',
 '性格',
 '性物主代词',
 '性的',
 '性的动作',
 '性质',
 '怨',
 '怪',
 '怯',
 '怵',
 '总',
 '总是',
 '总结',
 '总结一下',
 '恋',
 '恍',
 '恐',
 '恒',
 '恕',
 '恙',
 '恢',
 '恤',
 '恨',
 '恩',
 '恬',
 '恭',
 '息',
 '恰',
 '恳',
 '恶',
 '恺',
 '恼',
 '悄',
 '悉',
 '悍',
 '悔',
 '悖',
 '悚',
 '悟',
 '悠',
 '患',
 '悦',
 '您',
 '悬',
 '悯',
 '悲',
 '悲伤',
 '悴',
 '情',
 '情况',
 '情况下',
 '情态',
 '情态动词',
 '情态动词的',
 '情感',
 '情绪',
 '惆',
 '惊',
 '惊讶',
 '惋',
 '惑',
 '惕',
 '惘',
 '惚',
 '惜',
 '惠',
 '惦',
 '惧',
 '惨',
 '惩',
 '惫',
 '惬',
 '惭',
 '惯',
 '惰',
 '想',
 '想一下',
 '想一想',
 '想不起来',
 '想到',
 '想去',
 '想想',
 '想法',
 '想的',
 '想知道',
 '想表达',
 '想要',
 '想说',
 '想象',
 '想起',
 '想起来',
 '惶',
 '惹',
 '愁',
 '愈',
 '愉',
 '愉快',
 '意',
 '意义',
 '意义的',
 '意味',
 '意味着',
 '意图',
 '意思',
 '意思吗',
 '意思啊',
 '意思就是',
 '意思就是说',
 '意思是',
 '意的',
 '意见',
 '意识',
 '意识到',
 '愚',
 '感',
 '感兴趣',
 '感冒',
 '感到',
 '感受',
 '感叹',
 '感叹句',
 '感官',
 '感官动词',
 '感情',
 '感情色彩',
 '感激',
 '感觉',
 '感觉你',
 '感觉到',
 '感谢',
 '愣',
 '愤',
 '愧',
 '愿',
 '愿意',
 '愿望',
 '慈',
 '慌',
 '慎',
 '慕',
 '慢',
 '慢慢',
 '慢慢来',
 '慢慢的',
 '慧',
 '慨',
 '慰',
 '慵',
 '慷',
 '憋',
 '憎',
 '憔',
 '憨',
 '憾',
 '懂',
 '懂了',
 '懂了吗',
 '懂了没',
 '懂吗',
 '懈',
 '懊',
 '懒',
 '懦',
 '懵',
 '戈',
 '戊',
 '戌',
 '戏',
 '成',
 '成一个',
 '成为',
 '成了',
 '成分',
 '成功',
 '成立',
 '成绩',
 '我',
 '我不',
 '我不知道',
 '我之前',
 '我也',
 '我也不知道',
 '我今天',
 '我们',
 '我们一般',
 '我们上节课',
 '我们之前',
 '我们也',
 '我们今天',
 '我们会',
 '我们先',
 '我们先看',
 '我们再',
 '我们再来',
 '我们再来看',
 '我们刚',
 '我们刚刚',
 '我们刚才',
 '我们去',
 '我们可以',
 '我们可以用',
 '我们可以说',
 '我们在',
 '我们就',
 '我们就不',
 '我们就可以',
 '我们就是',
 '我们就用',
 '我们就要',
 '我们已经',
 '我们应该',
 '我们当时',
 '我们我们',
 '我们把',
 '我们把它',
 '我们把这个',
 '我们昨天',
 '我们是',
 '我们是不是',
 '我们有',
 '我们来',
 '我们来看',
 '我们来看一下',
 '我们来看一下这个',
 '我们现在',
 '我们用',
 '我们用的是',
 '我们的',
 '我们的这个',
 '我们看',
 '我们看一下',
 '我们看到',
 '我们看这个',
 '我们知道',
 '我们经常',
 '我们继续',
 '我们要',
 '我们要注意',
 '我们要用',
 '我们要说',
 '我们讲',
 '我们讲了',
 '我们说',
 '我们说的',
 '我们说这个',
 '我们还',
 '我们还是',
 '我们这个',
 '我们这个地方',
 '我们这节课',
 '我们这里',
 '我们那个',
 '我们都',
 '我们需要',
 '我会',
 '我先',
 '我再',
 '我刚',
 '我刚刚',
 '我刚才',
 '我去',
 '我发现',
 '我可以',
 '我听',
 '我告诉你',
 '我喜欢',
 '我在',
 '我家',
 '我就',
 '我就不',
 '我就可以',
 '我就是',
 '我已经',
 '我当时',
 '我很',
 '我怎么',
 '我想',
 '我想想',
 '我想要',
 '我感觉',
 '我我',
 '我我我',
 '我把',
 '我把这个',
 '我昨天',
 '我是',
 '我有',
 '我来',
 '我正在',
 '我没',
 '我没有',
 '我现在',
 '我用',
 '我的',
 '我的朋友',
 '我看',
 '我看一下',
 '我知道',
 '我给你',
 '我自己',
 '我要',
 '我觉得',
 '我觉得你',
 '我觉得这个',
 '我认为',
 '我记得',
 '我讲',
 '我说',
 '我说话',
 '我说话吗',
 '我读',
 '我跟你说',
 '我还',
 '我还是',
 '我这',
 '我这个',
 '我这边',
 '我都',
 '我问你',
 '戒',
 '或',
 '或者',
 '或者是',
 '或者说',
 '战',
 '战争',
 '戚',
 '戛',
 '截',
 '截图',
 '戮',
 '戳',
 '戴',
 '户',
 '房',
 '房子',
 '房间',
 '所',
 '所以',
 '所以他',
 '所以你',
 '所以呢',
 '所以咱们',
 '所以它',
 '所以它是',
 '所以就',
 '所以就是',
 '所以我',
 '所以我们',
 '所以是',
 '所以用',
 '所以说',
 '所以说这个',
 '所以这个',
 '所以这个地方',
 '所以这里',
 '所以选',
 '所有',
 '所有人',
 '所有格',
 '所有的',
 '所说的',
 '所谓',
 '扁',
 '扇',
 '手',
 '手写',
 '手写板',
 '手机',
 '才',
 '才会',
 '才是',
 '才能',
 '扎',
 '扑',
 '扒',
 '打',
 '打个',
 '打了',
 '打出来',
 '打印',
 '打字',
 '打开',
 '打扫',
 '打断',
 '打电话',
 '打算',
 '打篮球',
 '打错了',
 '扔',
 '托',
 '扛',
 '扣',
 '执',
 '执行',
 '扩',
 '扫',
 '扬',
 '扭',
 '扮',
 '扯',
 '扰',
 '扳',
 '扶',
 '批',
 '扼',
 '扽',
 '找',
 '找一下',
 '找一个',
 '找不到',
 '找出',
 '找出来',
 '找到',
 '找到了',
 '找找',
 '承',
 '承受',
 '承认',
 '承诺',
 '技',
 '技巧',
 '技术',
 '抄',
 '抄一下',
 '抄下来',
 '抉',
 '把',
 '把他',
 '把你',
 '把你的',
 '把它',
 '把它们',
 '把它变成',
 '把它当',
 '把它的',
 '把它给',
 '把它记下来',
 '把握',
 '把答案',
 '把这',
 '把这两个',
 '把这个',
 '把这个句子',
 '把这些',
 '把这句话',
 '把那个',
 '抑',
 '抒',
 '抓',
 '抓住',
 '投',
 '抖',
 '抗',
 '折',
 '抚',
 '抛',
 '抠',
 '抢',
 '护',
 '报',
 '报纸',
 '报道',
 '抨',
 '披',
 '抬',
 '抱',
 '抱歉',
 '抵',
 '抹',
 '抻',
 '押',
 '抽',
 '抽象',
 '抽象名词',
 '拂',
 '拄',
 '担',
 '担心',
 '拆',
 '拇',
 '拉',
 '拌',
 '拍',
 '拎',
 '拐',
 '拒',
 '拒绝',
 '拓',
 '拓展',
 '拔',
 '拖',
 '拗',
 '拘',
 '拙',
 '招',
 '拜',
 '拜拜',
 '拜访',
 '拟',
 '拢',
 '拥',
 '拥有',
 '拦',
 '拧',
 '拨',
 '择',
 '括',
 '括号',
 '拯',
 '拱',
 '拳',
 '拴',
 '拷',
 '拼',
 '拼一下',
 '拼写',
 '拼出来',
 '拼音',
 '拽',
 '拾',
 '拿',
 '拿出来',
 '拿到',
 '拿着',
 '持',
 '持续',
 '挂',
 '指',
 '指人',
 '指代',
 '指的',
 '指的是',
 '指示',
 '指示代词',
 '按',
 '按时',
 '按照',
 '挑',
 '挖',
 '挚',
 '挞',
 '挠',
 '挡',
 '挣',
 '挤',
 '挥',
 '挨',
 '挨着',
 '挪',
 '挫',
 '振',
 '挺',
 '挺好',
 '挺好的',
 '挽',
 '捂',
 '捅',
 '捆',
 '捉',
 '捋',
 '捍',
 '捎',
 '捏',
 '捐',
 '捕',
 '捞',
 '损',
 '捡',
 '换',
 '换一个',
 '换成',
 '捣',
 '捧',
 '据',
 '捯',
 '捶',
 '捷',
 '掀',
 '掂',
 '授',
 '授权',
 '掉',
 '掉了',
 '掌',
 '掌握',
 '掌握了',
 '掌握的',
 '掏',
 '掐',
 '排',
 '排除',
 '排除了',
 '排除掉',
 '排除法',
 '掖',
 '掘',
 '探',
 '接',
 '接下来',
 '接下来看',
 '接受',
 '接着',
 '接着往下',
 '接着往下看',
 '接着看',
 '接触',
 '接近',
 '控',
 '控制',
 '推',
 '推断',
 '推测',
 '推理',
 '推荐',
 '推迟',
 '掩',
 '措',
 '掰',
 '掳',
 '掷',
 '掺',
 '揉',
 '揍',
 '描',
 '描述',
 '提',
 '提供',
 '提出',
 '提出来',
 '提到',
 '提到了',
 '提到过',
 '提前',
 '提升',
 '提示',
 '提示词',
 '提醒',
 '提醒你',
 '提问',
 '提问你',
 '提高',
 '插',
 '插入',
 '握',
 '揣',
 '揪',
 '揭',
 '援',
 '揽',
 '搁',
 '搅',
 '搏',
 '搓',
 '搜',
 '搞',
 '搞混',
 '搞清楚',
 '搪',
 '搬',
 '搭',
 '搭配',
 '携',
 '摁',
 '摄',
 '摄像',
 '摄像头',
 '摆',
 '摇',
 '摊',
 '摒',
 '摔',
 '摘',
 '摞',
 '摧',
 '摩',
 '摩尔',
 '摩尔的',
 '摸',
 '摹',
 '撂',
 '撅',
 '撇',
 '撑',
 '撒',
 '撒谎',
 '撕',
 '撞',
 '撤',
 '撩',
 '撬',
 '播',
 '撰',
 '撵',
 '撸',
 '撼',
 '擂',
 '擅',
 '擅长',
 '操',
 '擎',
 '擒',
 '擤',
 '擦',
 '攀',
 '攒',
 '攥',
 '支',
 '支持',
 '收',
 '收到',
 '改',
 '改一下',
 '改为',
 '改变',
 '改成',
 '攻',
 '放',
 '放到',
 '放在',
 '放在一起',
 '放在前面',
 '放在句首',
 '放在后面',
 '放弃',
 '放松',
 '政',
 '故',
 '故事',
 '效',
 '效果',
 '效率',
 '敌',
 '敏',
 '救',
 '教',
 '教你',
 '教学',
 '教学目标',
 '教室',
 '教育',
 '敞',
 '敢',
 '散',
 '敦',
 '敬',
 '数',
 '数字',
 '数学',
 '数词',
 '数量',
 '敲',
 '整',
 '整个',
 '整个句子',
 '整体',
 '整句话',
 '整理',
 '整篇文章',
 '敷',
 '文',
 '文中',
 '文化',
 '文章',
 '文章中',
 '文章的',
 '文章里面',
 '斐',
 '斑',
 '斓',
 '斗',
 '料',
 '斜',
 '斟',
 '斤',
 '斥',
 '斧',
 '斩',
 '断',
 '斯',
 '新',
 '新的',
 '新闻',
 '方',
 '方位',
 '方便',
 '方向',
 '方式',
 '方法',
 '方程',
 '方面',
 '施',
 '旁',
 '旁边',
 '旅',
 '旅游',
 '旅行',
 '旋',
 '族',
 '旗',
 '无',
 '无所谓',
 '无聊',
 '无论',
 '既',
 '既可以',
 '既然',
 '日',
 '日常',
 '日期',
 '日本',
 '旦',
 '旧',
 '旨',
 '早',
 '早上',
 '早晨',
 '早饭',
 '旬',
 '旭',
 '旯',
 '旱',
 '时',
 '时候',
 '时刻',
 '时态',
 '时间',
 '时间段',
 '时间点',
 '时间状语',
 '时间状语从句',
 '时间的',
 '旷',
 '旺',
 '昂',
 '昆',
 '昌',
 '明',
 '明天',
 '明明',
 '明显',
 '明显的',
 '明白',
 '明白了',
 '明白了吗',
 '明白吗',
 '明确',
 '昏',
 '易',
 '昔',
 '昙',
 '星',
 '星期',
 '星期天',
 '映',
 '春',
 '春天',
 '昧',
 '昨',
 '昨天',
 '昨天晚上',
 '昭',
 '是',
 '是一',
 '是一个',
 '是一个动词',
 '是一个名词',
 '是一样',
 '是一样的',
 '是一种',
 '是不',
 '是不一样的',
 '是不可数名词',
 '是不是',
 '是不是一个',
 '是不是也',
 '是不是可以',
 '是不是啊',
 '是不是在',
 '是不是就',
 '是不是就是',
 '是不是应该',
 '是不是有',
 '是不是要',
 '是不是说',
 '是不是这个',
 '是两个',
 '是个',
 '是为了',
 '是人',
 '是什么',
 '是什么什么',
 '是什么吗',
 '是什么呀',
 '是什么呢',
 '是什么啊',
 '是什么意思',
 '是什么意思吗',
 '是什么意思呀',
 '是什么意思呢',
 '是什么意思啊',
 '是什么时态',
 '是什么是',
 '是从',
 '是他',
 '是以',
 '是你',
 '是加',
 '是动词',
 '是可以',
 '是名词',
 '是吗',
 '是否',
 '是吧',
 '是呃',
 '是哪',
 '是哪一个',
 '是哪个',
 '是哪个词',
 '是啥',
 '是因为',
 '是在',
 '是多少',
 '是它',
 '是对',
 '是对的',
 '是形容词',
 '是很',
 '是怎么',
 '是怎么样',
 '是我',
 '是我们',
 '是我的',
 '是把',
 '是指',
 '是是',
 '是最',
 '是有',
 '是正确的',
 '是比较',
 '是没有',
 '是用',
 '是用来',
 '是由',
 '是表示',
 '是被',
 '是要',
 '是说',
 '是谁',
 '是这个',
 '是这个意思',
 '是这样',
 '是这样的',
 '是选',
 '是那个',
 '是非常',
 '昱',
 '昵',
 '昼',
 '显',
 '显得',
 '显然',
 '显示',
 '晃',
 '晋',
 '晏',
 '晒',
 '晓',
 '晕',
 '晗',
 '晚',
 '晚上',
 '晚餐',
 '晚饭',
 '晤',
 '晦',
 '晨',
 '普',
 '普通',
 '普通名词',
 '普通的',
 '普遍',
 '景',
 '晰',
 '晴',
 '晶',
 '智',
 '晾',
 '暂',
 '暂时',
 '暄',
 '暇',
 '暑',
 '暑假',
 '暖',
 '暗',
 '暨',
 '暮',
 '暴',
 '暼',
 '曰',
 '曲',
 '更',
 '更加',
 '更加的',
 '更多',
 '更多的',
 '更好',
 '更好的',
 '曹',
 '曼',
 '曾',
 '曾经',
 '替',
 '替代',
 '替换',
 '最',
 '最前面',
 '最后',
 '最后一个',
 '最后一段',
 '最喜欢',
 '最喜欢的',
 '最多',
 '最大',
 '最大的',
 '最好',
 '最好的',
 '最开始',
 '最最',
 '最简单',
 '最简单的',
 '最终',
 '最近',
 '最重要',
 '最重要的',
 '最高级',
 '月',
 '月一',
 '月亮',
 '月份',
 '有',
 '有一',
 '有一个',
 '有一些',
 '有一点',
 '有一点点',
 '有一种',
 '有三个',
 '有两',
 '有两个',
 '有两种',
 '有个',
 '有了',
 '有些',
 '有人',
 '有什么',
 '有什么区别',
 '有什么问题',
 '有关',
 '有几个',
 '有可能',
 '有哪',
 '有哪些',
 '有多',
 '有多少',
 '有好处',
 '有很多',
 '有意思',
 '有时',
 '有时候',
 '有时间',
 '有有',
 '有没有',
 '有没有什么',
 '有点',
 '有点像',
 '有点儿',
 '有点多',
 '有点问题',
 '有点难',
 '有的',
 '有的时候',
 '有讲过',
 '有趣',
 '有趣的',
 '有这个',
 '有这种',
 '有那个',
 '有问题',
 '有问题吗',
 '朋',
 '朋友',
 '服',
 '服务',
 '朕',
 '朗',
 '望',
 '朝',
 '期',
 '期待',
 '期末',
 '朦',
 '木',
 '未',
 '未来',
 '末',
 '末尾',
 '本',
 '本书',
 '本儿',
 '本子',
 '本子上',
 '本意',
 '本来',
 '本来是',
 '本质',
 '本身',
 '术',
 '朱',
 '朴',
 '朵',
 '机',
 '机会',
 '机器',
 '朽',
 '杀',
 '杂',
 '杂志',
 '权',
 '杆',
 '杈',
 '杉',
 '李',
 '材',
 '材料',
 '村',
 '杖',
 '杜',
 '束',
 '杠',
 '条',
 '条件',
 '条件状语从句',
 '来',
 '来了',
 '来修饰',
 '来做',
 '来做一下',
 '来写',
 '来判断',
 '来吧',
 '来我们',
 '来来',
 '来的',
 '来看',
 '来看一下',
 '来看一下这个',
 '来看一看',
 '来看看',
 '来看这个',
 '来着',
 '来自',
 '来表示',
 '来表达',
 '来记',
 '来讲',
 '来说',
 '来说一下',
 '杨',
 '杭',
 '杯',
 '杯子',
 '杰',
 '松',
 '板',
 '极',
 '构',
 '构成',
 '构成的',
 '枉',
 '析',
 '枕',
 '林',
 '枚',
 '果',
 '枝',
 '枢',
 '枣',
 '枪',
 '枫',
 '枭',
 '枯',
 '架',
 '枷',
 '柄',
 '柏',
 '某',
 '某一',
 '某一个',
 '某一天',
 '某个',
 '某个人',
 '某个时间',
 '某事',
 '某些',
 '某人',
 '某人做某事',
 '某人的',
 '某件事情',
 '某地',
 '某方面',
 '某物',
 '某种',
 '染',
 '柔',
 '柚',
 '柜',
 '柠',
 '查',
 '查一下',
 '柬',
 '柯',
 '柱',
 '柴',
 '柿',
 '栀',
 '标',
 '标准',
 '标志',
 '标志词',
 '标注',
 '标题',
 '栈',
 '栋',
 '栏',
 '树',
 '树叶',
 '栓',
 '栖',
 '栗',
 '校',
 '株',
 '样',
 '样子',
 '样的',
 '核',
 '根',
 '根号',
 '根号二',
 '根据',
 '根据这个',
 '根本',
 '格',
 '格林',
 '栽',
 '桂',
 '桃',
 '框',
 '案',
 '桌',
 '桌子',
 '桌子上',
 '桐',
 '桑',
 '桔',
 '档',
 '桥',
 '桨',
 '桩',
 '桶',
 '梁',
 '梅',
 '梓',
 '梗',
 '梢',
 '梦',
 '梦想',
 '梧',
 '梨',
 '梭',
 '梯',
 '械',
 '梳',
 '梳理',
 '梵',
 '检',
 '检查',
 '检查一下',
 '棉',
 '棋',
 '棍',
 '棒',
 '棕',
 '棘',
 '棚',
 '森',
 '棱',
 '棵',
 '棺',
 '椅',
 '植',
 '植物',
 '椎',
 '椒',
 '椭',
 '椰',
 '楂',
 '楚',
 '楞',
 '楼',
 '概',
 '概念',
 '概括',
 '榄',
 '榜',
 '榨',
 '榴',
 '榷',
 '槌',
 '槛',
 '槟',
 '槽',
 '樊',
 '模',
 '模型',
 '模糊',
 '横',
 '横线',
 '樱',
 '橄',
 '橘',
 '橙',
 '橡',
 '橱',
 '檐',
 '檬',
 '欠',
 '次',
 '次数',
 '欢',
 '欢迎',
 '欣',
 '欧',
 '欧洲',
 '欲',
 '欸',
 '欺',
 '欻',
 '款',
 '歃',
 '歇',
 '歉',
 '歌',
 '歘',
 '止',
 '正',
 '正在',
 '正在进行',
 '正好',
 '正如',
 '正常',
 '正常的',
 '正式',
 '正确',
 '正确率',
 '正确的',
 '正确答案',
 '此',
 '此时',
 '步',
 '步骤',
 '武',
 '歧',
 '歪',
 '歹',
 '死',
 '死了',
 '死亡',
 '殆',
 '殇',
 '殊',
 '残',
 '殖',
 '殴',
 '段',
 '段时间',
 '段落',
 '殷',
 '殿',
 '毁',
 '毅',
 '毋',
 '母',
 '母亲',
 '每',
 '每一个',
 '每个',
 '每个人',
 '每天',
 '每天都',
 '每次',
 '毒',
 '比',
 '比你',
 '比例',
 '比如',
 '比如说',
 '比如说他',
 '比如说你',
 '比如说像',
 '比如说呃',
 '比如说啊',
 '比如说嗯',
 '比如说我',
 '比如说我们',
 '比如说这个',
 '比方',
 '比方说',
 '比赛',
 '比较',
 '比较多',
 '比较大',
 '比较好',
 '比较容易',
 '比较少',
 '比较常见',
 '比较特殊',
 '比较简单',
 '比较级',
 '比较级和',
 '比较级和最高级',
 '比较重要',
 '比较重要的',
 '比较难',
 '毕',
 '毕业',
 '毕竟',
 '毗',
 '毙',
 '毛',
 '毫',
 '毯',
 '毽',
 '氏',
 '民',
 '氓',
 '气',
 '氛',
 '氟',
 '氢',
 '氢氧化',
 '氦',
 '氧',
 '氧化',
 '氨',
 '氪',
 '氮',
 '氯',
 '氰',
 '水',
 '水平',
 '水果',
 '永',
 '永远',
 '汀',
 '汁',
 '求',
 '求出来',
 '汇',
 '汉',
 '汉语',
 '汗',
 '汝',
 '汞',
 '江',
 '池',
 '污',
 '污染',
 '汤',
 '汤姆',
 '汪',
 '汰',
 '汲',
 '汴',
 '汹',
 '汽',
 '汽车',
 '沃',
 '沈',
 '沉',
 '沉淀',
 '沌',
 '沏',
 '沐',
 '沓',
 '沙',
 '沛',
 '沟',
 '没',
 '没事',
 '没事儿',
 '没什么',
 '没什么问题',
 '没关系',
 '没办法',
 '没学过',
 '没必要',
 '没有',
 '没有人',
 '没有什么',
 '没有什么问题',
 '没有任何',
 '没有关系',
 '没有办法',
 '没有没有',
 '没有说',
 '没有这个',
 '没有问题',
 '没有问题吧',
 '没法',
 '没见过',
 '没错',
 '没问题',
 '没问题吧',
 '沦',
 '沧',
 '沪',
 '沫',
 '沮',
 '河',
 '沸',
 '油',
 '治',
 '沼',
 '沾',
 '沿',
 '沿着',
 '泄',
 '泉',
 '泊',
 '泌',
 '法',
 '法国',
 '法律',
 '泛',
 '泛指',
 '泞',
 '泡',
 '波',
 '泣',
 '泥',
 '注',
 '注意',
 '注意一下',
 '注意到',
 '注意力',
 '注意这个',
 '泪',
 '泮',
 '泯',
 '泰',
 '泱',
 '泳',
 '泵',
 '泻',
 '泼',
 '泽',
 '洁',
 '洋',
 '洒',
 '洗',
 '洛',
 '洞',
 '津',
 '洪',
 '洲',
 '活',
 '活动',
 '洼',
 '洽',
 '派',
 '流',
 '流行',
 '浅',
 '浆',
 '浇',
 '浊',
 '测',
 '济',
 '浏',
 '浏览',
 '浑',
 '浒',
 '浓',
 '浙',
 '浦',
 '浩',
 '浪',
 '浪费',
 '浮',
 '浴',
 '海',
 '浸',
 '涂',
 '消',
 '消息',
 '涉',
 '涉及',
 '涉及到',
 '涌',
 '涕',
 '涛',
 '涝',
 '涤',
 '润',
 '涨',
 '涩',
 '涮',
 '涯',
 '液',
 '涵',
 '淀',
 '淆',
 '淇',
 '淋',
 '淌',
 '淑',
 '淘',
 '淡',
 '淮',
 '深',
 '深刻',
 '淳',
 '混',
 '混淆',
 '淹',
 '添',
 '清',
 '清晰',
 '清楚',
 '清楚了没',
 '渊',
 '渎',
 '渐',
 '渔',
 '渗',
 '渠',
 '渡',
 '渣',
 '渤',
 '温',
 '港',
 '渲',
 '渴',
 '渴望',
 '游',
 '游戏',
 '游泳',
 '湃',
 '湖',
 '湣',
 '湾',
 '湿',
 '溃',
 '溅',
 '源',
 '溜',
 '溟',
 '溢',
 '溪',
 '溯',
 '溴',
 '溶',
 '溶液',
 '溺',
 '滋',
 '滑',
 '滔',
 '滚',
 '滞',
 '满',
 '满意',
 '满足',
 '滤',
 '滥',
 '滨',
 '滩',
 '滴',
 '漂',
 '漂亮',
 '漂亮的',
 '漆',
 '漉',
 '漏',
 '漓',
 '演',
 '演讲',
 '漠',
 '漫',
 '漱',
 '潇',
 '潘',
 '潜',
 '潦',
 '潮',
 '澄',
 '澈',
 '澎',
 '澜',
 '澡',
 '澳',
 '澳大利亚',
 '激',
 '激动',
 '濒',
 '濛',
 '濡',
 '濯',
 '瀑',
 '灌',
 '火',
 '火车',
 '灭',
 '灯',
 '灰',
 '灵',
 '灵活',
 '灶',
 '灸',
 '灼',
 '灾',
 '灿',
 '炅',
 '炉',
 '炊',
 '炎',
 '炒',
 '炕',
 '炫',
 '炬',
 '炭',
 '炮',
 '炯',
 '炸',
 '点',
 '点儿',
 '点就是',
 '炼',
 '烁',
 '烂',
 '烈',
 '烊',
 '烘',
 '烛',
 '烟',
 '烤',
 '烦',
 '烧',
 '烫',
 '热',
 '烹',
 '烽',
 '焉',
 '焕',
 '焖',
 '焙',
 '焦',
 '焰',
 '然',
 '然后',
 '然后下一个',
 '然后下面',
 '然后他',
 '然后你',
 '然后你再',
 '然后你就',
 '然后你看',
 '然后再',
 '然后再看',
 '然后去',
 '然后后面',
 '然后呃',
 '然后呢',
 '然后咱们',
 '然后嗯',
 '然后在',
 '然后如果',
 '然后它',
 '然后它的',
 '然后就',
 '然后就是',
 '然后我',
 '然后我们',
 '然后我们再',
 '然后我们就',
 '然后我们来看',
 '然后我们看',
 '然后把',
 '然后接下来',
 '然后是',
 '然后最后',
 '然后看',
 '然后看一下',
 '然后第三个',
 '然后第二个',
 '然后老师',
 '然后说',
 '然后还有',
 '然后还有一个',
 '然后这',
 '然后这个',
 '然后这里',
 '然后那',
 '然后那个',
 '然而',
 '煌',
 '煎',
 '煜',
 '煞',
 '煤',
 '照',
 '照片',
 '照顾',
 '煮',
 '煸',
 '煽',
 '熄',
 '熊',
 '熏',
 '熔',
 '熙',
 '熟',
 '熟悉',
 '熟练',
 '熨',
 '熬',
 '燃',
 '燕',
 '燥',
 '爆',
 '爆发',
 '爪',
 '爬',
 '爱',
 '爱好',
 '爵',
 '父',
 '父亲',
 '父母',
 '爷',
 '爸',
 '爸爸',
 '爹',
 '爽',
 '片',
 '版',
 '牌',
 '牙',
 '牙齿',
 '牛',
 '牛奶',
 '牢',
 '牧',
 '物',
 '物主',
 '物主代词',
 '物体',
 '物品',
 '物理',
 '物质',
 '牲',
 '牵',
 '特',
 '特别',
 '特别多',
 '特别好',
 '特别的',
 '特定',
 '特征',
 '特指',
 '特殊',
 '特殊情况',
 '特殊用法',
 '特殊疑问句',
 '特殊疑问词',
 '特殊的',
 '特点',
 '牺',
 '犀',
 '犟',
 '犬',
 '犯',
 '状',
 '状况',
 '状态',
 '状语',
 '状语从句',
 '犹',
 '狂',
 '狄',
 '狐',
 '狗',
 '狞',
 '狠',
 '狡',
 '狩',
 '独',
 '独一无二',
 '独立',
 '独自',
 '狭',
 '狮',
 '狰',
 '狱',
 '狸',
 '狼',
 '猎',
 '猛',
 '猜',
 '猜一下',
 '猜测',
 '猝',
 '猥',
 '猩',
 '猪',
 '猫',
 '献',
 '猴',
 '猾',
 '猿',
 '玄',
 '率',
 '玉',
 '王',
 '玛',
 '玩',
 '玩儿',
 '玫',
 '环',
 '环保',
 '环境',
 '环节',
 '现',
 '现代',
 '现在',
 '现在分词',
 '现在可以',
 '现在完成',
 '现在完成时',
 '现在完成进行时',
 '现在就',
 '现在已经',
 '现在时',
 '现在是',
 '现在的',
 '现在这个',
 '现在进行',
 '现在进行时',
 '现实',
 '现象',
 '玲',
 '玷',
 '玺',
 '玻璃',
 '珀',
 '珂',
 '珊',
 '珍',
 '珠',
 '班',
 '班级',
 '球',
 '球类',
 '琅',
 '理',
 '理由',
 '理解',
 '理解一下',
 '理解为',
 '理解了',
 '理解了吗',
 '理解吗',
 '理解吧',
 '理解成',
 '理解的',
 '理论',
 '琐',
 '琢',
 '琥',
 '琦',
 '琪',
 '琳',
 '琴',
 '琵',
 '琶',
 '琼',
 '瑕',
 '瑜',
 '瑞',
 '瑟',
 '瑰',
 '瑶',
 '璋',
 '璐',
 '瓜',
 '瓢',
 '瓣',
 '瓤',
 '瓦',
 '瓶',
 '瓷',
 '甄',
 '甘',
 '甚',
 '甚至',
 '甜',
 '生',
 '生产',
 '生命',
 '生命的',
 '生成',
 '生日',
 '生气',
 '生活',
 '生活中',
 '生病',
 '生词',
 '甥',
 '用',
 '用一个',
 '用一般现在时',
 '用了',
 '用了一个',
 '用于',
 '用什么',
 '用什么时态',
 '用到',
 '用单数',
 '用哪个',
 '用在',
 '用来',
 '用来修饰',
 '用法',
 '用法就是',
 '用的',
 '用的是',
 '用英语',
 '用这个',
 '用那个',
 '甩',
 '甫',
 '甭',
 '田',
 '由',
 '由于',
 '甲',
 '申',
 '申请',
 '电',
 '电子',
 '电影',
 '电脑',
 '电视',
 '电话',
 '男',
 '男人',
 '男孩',
 '男孩儿',
 '男生',
 '画',
 '画一下',
 '画一个',
 '画出来',
 '画画',
 '画的',
 '畅',
 '界',
 '畏',
 '畔',
 '留',
 '留下',
 '畜',
 '略',
 '番',
 '畴',
 '畸',
 '疆',
 '疏',
 '疑',
 '疑问',
 '疑问句',
 '疑问句中',
 '疑问词',
 '疗',
 '疙',
 '疚',
 '疟',
 '疤',
 '疫',
 '疮',
 '疯',
 '疲',
 '疵',
 '疼',
 '疾',
 '病',
 '症',
 '痊',
 '痒',
 '痕',
 '痘',
 '痛',
 '痛苦',
 '痪',
 '痴',
 '瘆',
 '瘟',
 '瘦',
 '瘩',
 '瘪',
 '瘫',
 '瘸',
 '瘾',
 '癌',
 '癖',
 '登',
 '白',
 '白板',
 '百',
 '百分之',
 '皂',
 '的',
 '的一',
 '的一个',
 '的一个动作',
 '的一个意思',
 '的一个是',
 '的一个词',
 '的一些',
 '的一种',
 '的一部分',
 '的不',
 '的不是',
 '的东西',
 '的两个',
 '的主语',
 '的事',
 '的事情',
 '的人',
 '的什么',
 '的他',
 '的但是',
 '的位置',
 '的作用',
 '的你',
 '的例子',
 '的关系',
 '的其实',
 '的内容',
 '的到',
 '的前面',
 '的动作',
 '的动词',
 '的区别',
 '的单词',
 '的原因',
 '的去',
 '的变化',
 '的句子',
 '的名字',
 '的名词',
 '的后面',
 '的吗',
 '的吧',
 '的含义',
 '的呀',
 '的呃',
 '的呢',
 '的和',
 '的哈',
 '的啊',
 '的嗯',
 '的嘛',
 '的因为',
 '的在',
 '的地方',
 '的声音',
 '的多',
 '的好',
 '的学习',
 '的学生',
 '的它',
 '的它是',
 '的对',
 '的对不对',
 '的对吧',
 '的对象',
 '的小',
 '的就',
 '的就是',
 '的就是说',
 '的就是这个',
 '的工作',
 '的形容词',
 '的形式',
 '的影响',
 '的很',
 '的很好',
 '的情况',
 '的意思',
 '的意思但是',
 '的意思吗',
 '的意思呀',
 '的意思啊',
 '的意思嘛',
 '的意思它',
 '的意思对吧',
 '的意思就',
 '的意思就是',
 '的意思就是说',
 '的意思所以',
 '的意思是',
 '的意思然后',
 '的意思这个',
 '的意思那',
 '的感觉',
 '的成分',
 '的我',
 '的我们',
 '的所以',
 '的所以说',
 '的方式',
 '的方法',
 '的时候',
 '的时候他',
 '的时候会',
 '的时候你',
 '的时候你就',
 '的时候可以',
 '的时候呢',
 '的时候啊',
 '的时候它',
 '的时候它是',
 '的时候就',
 '的时候就是',
 '的时候我',
 '的时候我们',
 '的时候是',
 '的时候用',
 '的时候要',
 '的时态',
 '的时间',
 '的时间状语',
 '的是',
 '的是一个',
 '的是不是',
 '的是什么',
 '的是吧',
 '的是这个',
 '的最',
 '的有',
 '的来',
 '的概念',
 '的比如说',
 '的比较',
 '的点',
 '的然后',
 '的状态',
 '的用法',
 '的看',
 '的知识',
 '的知识点',
 '的短语',
 '的笔记',
 '的第一个',
 '的答案',
 '的练习',
 '的结构',
 '的结果',
 '的翻译',
 '的表示',
 '的表达',
 '的词',
 '的词性',
 '的词汇',
 '的词组',
 '的词语',
 '的话',
 '的话一般',
 '的话你',
 '的话你可以',
 '的话你就',
 '的话其实',
 '的话可以',
 '的话可能',
 '的话呢',
 '的话咱们',
 '的话它',
 '的话它是',
 '的话就',
 '的话就是',
 '的话我',
 '的话我们',
 '的话我们就',
 '的话是',
 '的话是不是',
 '的话老师',
 '的话这个',
 '的话那',
 '的话那么',
 '的说',
 '的课',
 '的过程',
 '的过程中',
 '的还是',
 '的这',
 '的这个',
 '的这个意思',
 '的这个是',
 '的这个词',
 '的这些',
 '的这样一个',
 '的这种',
 '的那',
 '的那个',
 '的那么',
 '的那些',
 '的那样',
 '的那种',
 '的部分',
 '的都',
 '的都是',
 '的重点',
 '的问题',
 '的音',
 '的题',
 '的题目',
 '皆',
 '皇',
 '皙',
 '皮',
 '皱',
 '皿',
 '盆',
 '盈',
 '益',
 '盏',
 '盐',
 '监',
 '盒',
 '盔',
 '盖',
 '盗',
 '盘',
 '盛',
 '盟',
 '目',
 '目前',
 '目标',
 '目的',
 '目的状语',
 '盯',
 '盲',
 '直',
 '直到',
 '直径',
 '直接',
 '直接加',
 '直接在',
 '直接宾语',
 '直接就',
 '直接把',
 '直接是',
 '直接用',
 '直接看',
 '直接说',
 '直线',
 '直角',
 '直角三角形',
 '相',
 '相似',
 '相信',
 '相关',
 '相反',
 '相同',
 '相处',
 '相对',
 '相对来说',
 '相应',
 '相应的',
 '相当',
 '相当于',
 '相当于是',
 '相等',
 '相等的',
 '相近',
 '盹',
 '盼',
 '盾',
 '省',
 '省略',
 '省略了',
 '眉',
 '看',
 '看一下',
 '看一下啊',
 '看一下这个',
 '看一看',
 '看一眼',
 '看下',
 '看下一个',
 '看下面',
 '看不到',
 '看不懂',
 '看了',
 '看你',
 '看出来',
 '看到',
 '看到了',
 '看到没',
 '看到这个',
 '看啊',
 '看它',
 '看完',
 '看得',
 '看懂',
 '看来',
 '看清楚',
 '看电视',
 '看的',
 '看看',
 '看着',
 '看见',
 '看起来',
 '看过',
 '看这个',
 '真',
 '真实',
 '真是',
 '真正',
 '真正的',
 '真理',
 '真的',
 '真的是',
 '眠',
 '眨',
 '眯',
 '眶',
 '眺',
 '眼',
 '眼睛',
 '眼镜',
 '着',
 '着急',
 '着重',
 '睁',
 '睑',
 '睛',
 '睡',
 '睡着',
 '睡觉',
 '督',
 '睦',
 '睫',
 '睬',
 '睿',
 '瞄',
 '瞅',
 '瞌',
 '瞎',
 '瞒',
 '瞟',
 '瞧',
 '瞩',
 '瞪',
 '瞬',
 '瞬间',
 '瞰',
 '瞳',
 '瞻',
 '矛',
 '矜',
 '矢',
 '矣',
 '知',
 '知不知道',
 '知识',
 '知识引入',
 '知识点',
 '知道',
 '知道了',
 '知道吗',
 '知道吧',
 '知道它',
 '知道它是',
 '知道的',
 '知道这个',
 '矩',
 '矫',
 '短',
 '短文',
 '短文填空',
 '短暂',
 '短语',
 '短语啊',
 '矮',
 '石',
 '矶',
 '矾',
 '矿',
 '码',
 '砌',
 '砍',
 '研',
 '研究',
 '砖',
 '砝',
 '砥',
 '砰',
 '破',
 '砸',
 '硅',
 '硌',
 '硕',
 '硝',
 '硫',
 '硫酸',
 '硬',
 '确',
 '确定',
 '确实',
 '确实是',
 '硼',
 '碌',
 '碍',
 '碎',
 '碑',
 '碗',
 '碘',
 '碟',
 '碧',
 '碰',
 '碰到',
 '碱',
 '碳',
 '碴',
 '碾',
 '磁',
 '磅',
 '磊',
 '磕',
 '磨',
 '磴',
 '磷',
 '礴',
 '示',
 '礼',
 '礼物',
 '礼貌',
 '社',
 '社会',
 '祀',
 '祈',
 '祈使',
 '祈使句',
 '祖',
 '祝',
 '神',
 '祥',
 '祥子',
 '票',
 '祭',
 '祷',
 '祸',
 '祺',
 '禁',
 '禁止',
 '禅',
 '福',
 '禧',
 '离',
 '离子',
 '离开',
 '禽',
 '禾',
 '秀',
 '私',
 '秃',
 '秉',
 '秋',
 '种',
 '种类',
 '科',
 '科学',
 '科目',
 '秒',
 '秘',
 '租',
 '秦',
 '秩',
 '积',
 '积极',
 '积累',
 '积累一下',
 '称',
 '移',
 '移动',
 '稀',
 '程',
 '程度',
 '稍',
 '稍微',
 '稍微记一下',
 '稍等一下',
 '税',
 '稚',
 '稠',
 '稣',
 '稳',
 '稻',
 '稼',
 '稽',
 '稿',
 '穆',
 '穴',
 '究',
 '穷',
 '穹',
 '空',
 '空格',
 '空气',
 '空的',
 '空间',
 '穿',
 '穿上',
 '穿过',
 '突',
 '突然',
 '窃',
 '窄',
 '窍',
 '窒',
 '窗',
 '窗户',
 '窘',
 '窜',
 '窝',
 '窠',
 '窥',
 '立',
 '立刻',
 '竖',
 '站',
 '站在',
 '竞',
 '竟',
 '章',
 '童',
 '竭',
 '端',
 '竹',
 '竿',
 '笃',
 '笆',
 '笑',
 '笔',
 '笔记',
 '笔记上',
 '笔记本',
 '笔记本上',
 '笙',
 '笛',
 '符',
 '符号',
 '符合',
 '笨',
 '第',
 '第一',
 '第一个',
 '第一个句子',
 '第一个就是',
 '第一个是',
 '第一个空',
 '第一人称',
 '第一句',
 '第一句话',
 '第一次',
 '第一步',
 '第一段',
 '第一点',
 '第一种',
 '第一种情况',
 '第一篇',
 '第一节课',
 '第一遍',
 '第一道题',
 '第一问',
 '第一题',
 '第七',
 '第七个',
 '第七题',
 '第三',
 '第三个',
 '第三个呢',
 '第三个是',
 '第三人称',
 '第三人称单数',
 '第三段',
 '第三点',
 '第三种',
 '第三题',
 '第九',
 '第九个',
 '第九题',
 '第二',
 '第二个',
 '第二个句子',
 '第二个呢',
 '第二个是',
 '第二个空',
 '第二人称',
 '第二句',
 '第二句话',
 '第二天',
 '第二步',
 '第二段',
 '第二点',
 '第二种',
 '第二种情况',
 '第二题',
 '第五',
 '第五个',
 '第五题',
 '第八',
 '第八个',
 '第八题',
 '第六',
 '第六个',
 '第六题',
 '第几',
 '第十',
 '第十一题',
 '第十个',
 '第十二',
 '第十题',
 '第四',
 '第四个',
 '第四题',
 '笼',
 '等',
 '等一下',
 '等于',
 '等于多少',
 '等于零',
 '等会',
 '等会儿',
 '等你',
 '等到',
 '等待',
 '等等',
 '等腰',
 '等腰三角形',
 '筋',
 '筏',
 '筐',
 '筑',
 '筒',
 '答',
 '答案',
 '答案是',
 '答题',
 '策',
 '筛',
 '筝',
 '筷',
 '筹',
 '签',
 '简',
 '简单',
 '简单句',
 '简单的',
 '算',
 '算了',
 '算是',
 '管',
 '管它',
 '箫',
 '箭',
 '箱',
 '篁',
 '篇',
 '篇文章',
 '篡',
 '篮',
 '篮球',
 '篱',
 '篷',
 '簧',
 '簿',
 '籁',
 '籍',
 '米',
 '类',
 '类似',
 '类似于',
 '类型',
 '类的',
 '籽',
 '粉',
 '粒',
 '粗',
 '粗心',
 '粘',
 '粤',
 '粥',
 '粪',
 '粮',
 '粹',
 '粽',
 '精',
 '精神',
 '糅',
 '糊',
 '糕',
 '糖',
 '糗',
 '糙',
 '糟',
 '糟糕',
 '糯',
 '系',
 '系列',
 '系动词',
 '系统',
 '系表',
 '紊',
 '素',
 '索',
 '紧',
 '紧张',
 '紧接着',
 '紫',
 '累',
 '絮',
 '繁',
 '纠',
 '纠正',
 '纠结',
 '红',
 '红色',
 '红色的',
 '纤',
 '约',
 '级',
 '纪',
 '纬',
 '纭',
 '纯',
 '纱',
 '纲',
 '纳',
 '纵',
 '纷',
 '纸',
 '纸上',
 '纹',
 '纽',
 '线',
 '线索',
 '练',
 '练习',
 '练习题',
 '组',
 '组合',
 '组成',
 '组织',
 '绅',
 '细',
 '细心',
 '细节',
 '细节题',
 '织',
 '终',
 '终于',
 '终点',
 '绉',
 '绊',
 '绍',
 '绎',
 '经',
 '经典',
 '经历',
 '经常',
 '经常会',
 '经常用',
 '经过',
 '经验',
 '绑',
 '绒',
 '结',
 '结合',
 '结尾',
 '结尾的',
 '结束',
 '结束了',
 '结构',
 '结果',
 '结论',
 '绕',
 '绘',
 '给',
 '给了',
 '给他',
 '给你',
 '给你一个',
 '给你看',
 '给你讲',
 '给你讲一下',
 '给你说',
 '给出',
 '给它',
 '给我',
 '给我们',
 '给我说',
 '给某人',
 '给的',
 '给老师',
 '络',
 '绝',
 '绝对',
 '绞',
 '统',
 '绣',
 '绥',
 '继',
 '继续',
 '继续往下',
 '继续看',
 '绩',
 '绪',
 '续',
 '绯',
 '绰',
 '绳',
 '维',
 '绵',
 '绷',
 '绸',
 '综',
 '综合',
 '绽',
 '绿',
 '缀',
 '缄',
 '缈',
 '缉',
 '缓',
 '缔',
 '缕',
 '编',
 '缘',
 '缚',
 '缝',
 '缠',
 '缤',
 '缥',
 '缩',
 '缩写',
 '缪',
 '缭',
 '缮',
 '缴',
 '缸',
 '缺',
 '缺一个',
 '缺少',
 '缺成分',
 '罐',
 '网',
 '网上',
 '网络',
 '罕',
 '罗',
 '罚',
 '罢',
 '罩',
 '罪',
 '置',
 '署',
 '罹',
 '羁',
 '羊',
 '美',
 '美丽',
 '美国',
 '美国人',
 '羞',
 '羡',
 '群',
 '羯',
 '羽',
 '羿',
 '翁',
 '翅',
 '翔',
 '翘',
 '翟',
 '翠',
 '翰',
 '翱',
 '翻',
 '翻译',
 '翻译一下',
 '翻译一下这个句子',
 '翻译一下这句话',
 '翻译出来',
 '翻译成',
 '翻译成中文',
 '翻译的',
 '翻译的时候',
 '翻译过来',
 '翼',
 '耀',
 '老',
 '老人',
 '老师',
 '老师就',
 '老师的',
 '老师给你',
 '老师说',
 '老板',
 '考',
 '考你',
 '考到',
 '考察',
 '考点',
 '考的',
 '考的是',
 '考虑',
 '考虑到',
 '考试',
 '考试的时候',
 '者',
 '而',
 '而不是',
 '而且',
 '而已',
 '而是',
 '而言',
 '而这个',
 '耍',
 '耐',
 '耕',
 '耗',
 '耘',
 '耳',
 '耳机',
 '耶',
 '耸',
 '耻',
 '耽',
 '耿',
 '聆',
 '聊',
 '聋',
 '职',
 '职业',
 '联',
 '联想',
 '联系',
 '聘',
 '聚',
 '聚会',
 '聪',
 '聪明',
 '聪明的',
 '肃',
 '肆',
 '肇',
 '肉',
 '肋',
 '肌',
 '肖',
 '肘',
 '肚',
 '肝',
 '肠',
 '股',
 '肢',
 '肤',
 '肥',
 '肩',
 '肪',
 '肮',
 '肯',
 '肯定',
 '肯定不是',
 '肯定会',
 '肯定句',
 '肯定回答',
 '肯定就是',
 '肯定是',
 '肯定的',
 '肯定要',
 '育',
 '肴',
 '肺',
 '肽',
 '肾',
 '肿',
 '胀',
 '胁',
 '胃',
 '胆',
 '背',
 '背一下',
 '背下来',
 '背单词',
 '背的',
 '背过',
 '胎',
 '胖',
 '胛',
 '胜',
 '胞',
 '胡',
 '胯',
 '胳',
 '胶',
 '胶体',
 '胸',
 '能',
 '能不能',
 '能力',
 '能听到',
 '能够',
 '能理解',
 '能理解吗',
 '能用',
 '能看',
 '能看到',
 '脂',
 '脆',
 '脉',
 '脊',
 '脏',
 '脑',
 '脑子',
 '脖',
 '脚',
 '脱',
 '脸',
 '脾',
 '腆',
 '腊',
 '腐',
 '腑',
 '腔',
 '腕',
 '腥',
 '腭',
 '腮',
 '腰',
 '腹',
 '腺',
 '腻',
 '腼',
 '腾',
 '腿',
 '膀',
 '膈',
 '膊',
 '膏',
 '膘',
 '膛',
 '膜',
 '膝',
 '膨',
 '膳',
 '臀',
 '臂',
 '臃',
 '臆',
 '臊',
 '臣',
 '臧',
 '自',
 '自从',
 '自信',
 '自己',
 '自己去',
 '自己的',
 '自我',
 '自然',
 '自由',
 '自行',
 '自行车',
 '臭',
 '至',
 '至于',
 '至少',
 '致',
 '臼',
 '舅',
 '舆',
 '舌',
 '舌头',
 '舍',
 '舒',
 '舒服',
 '舞',
 '舟',
 '航',
 '般',
 '舰',
 '舱',
 '舵',
 '舶',
 '船',
 '艇',
 '艘',
 '良',
 '艰',
 '色',
 '色彩',
 '色的',
 '艳',
 '艺',
 '艾',
 '节',
 '节日',
 '节目',
 '节课',
 '芒',
 '芙',
 '芝',
 '芦',
 '芬',
 '芭',
 '芯',
 '花',
 '花了',
 '花时间',
 '花费',
 '芳',
 '芷',
 '芽',
 '苇',
 '苍',
 '苏',
 '苔',
 '苗',
 '苛',
 '苞',
 '苟',
 '若',
 '苦',
 '英',
 '英国',
 '英国人',
 '英文',
 '英语',
 '英语的',
 '英雄',
 '苹',
 '苹果',
 '茂',
 '范',
 '范围',
 '茄',
 '茅',
 '茉',
 '茎',
 '茜',
 '茧',
 '茨',
 '茫',
 '茬',
 '茱',
 '茴',
 '茵',
 '茶',
 '茸',
 '荆',
 '草',
 '荒',
 '荔',
 '荡',
 '荣',
 '荧',
 '荫',
 '药',
 '荷',
 '莉',
 '莎',
 '莓',
 '莞',
 '莠',
 '莫',
 '莱',
 '莲',
 '获',
 '获得',
 '莹',
 '莺',
 '莽',
 '菇',
 '菊',
 '菌',
 '菜',
 '菠',
 '菱',
 '菲',
 '萄',
 '萌',
 '萍',
 '萎',
 '萝',
 '营',
 '萧',
 '萨',
 '萱',
 '落',
 '著',
 '葛',
 '葡',
 '董',
 '葩',
 '葫',
 '葬',
 '葱',
 '葵',
 '蒂',
 '蒋',
 '蒙',
 '蒜',
 '蒲',
 '蒸',
 '蒿',
 '蓄',
 '蓉',
 '蓝',
 '蓬',
 '蔑',
 '蔓',
 '蔗',
 '蔬',
 '蔷',
 '蔼',
 '蔽',
 '蕉',
 '蕊',
 '蕴',
 '蕾',
 '薄',
 '薅',
 '薇',
 '薛',
 '薪',
 '薯',
 '藉',
 '藏',
 '藤',
 '藻',
 '蘑',
 '蘸',
 '虎',
 '虐',
 '虑',
 '虚',
 '虚拟',
 '虚拟语气',
 '虞',
 '虫',
 '虹',
 '虽',
 '虽然',
 '虽然说',
 '虾',
 '蚀',
 '蚁',
 '蚂',
 '蚊',
 '蚪',
 '蛇',
 '蛋',
 '蛋糕',
 '蛙',
 '蛛',
 '蛟',
 '蛮',
 '蛰',
 '蛾',
 '蜂',
 '蜒',
 '蜓',
 '蜗',
 '蜘',
 '蜚',
 '蜜',
 '蜡',
 '蜷',
 '蜻',
 '蜿',
 '蝇',
 '蝉',
 '蝌',
 '蝎',
 '蝙',
 '蝠',
 '蝴',
 '蝶',
 '螂',
 '螃',
 '融',
 '螺',
 '蟑',
 '蟹',
 '蠕',
 '蠢',
 '血',
 '衅',
 '行',
 '行为',
 '行吗',
 '行吧',
 '行那',
 '行那我们',
 '衍',
 '衔',
 '街',
 '衡',
 '衣',
 '衣服',
 '补',
 '补充',
 '补充一下',
 '补充说明',
 '补足',
 '补足语',
 '表',
 '表将来',
 '表情',
 '表扬',
 '表格',
 '表现',
 '表示',
 '表示一个',
 '表示一种',
 '表示什么',
 '表示在',
 '表示将来',
 '表示时间',
 '表示是',
 '表示的是',
 '表示过去',
 '表示这个',
 '表语',
 '表语从句',
 '表达',
 '表达方式',
 '表达的是',
 '表述',
 '表面',
 '衩',
 '衫',
 '衬',
 '衰',
 '衷',
 '袁',
 '袄',
 '袋',
 '袍',
 '袒',
 '袖',
 '袜',
 '被',
 '被动',
 '被动语态',
 '袭',
 '袱',
 '裁',
 '裂',
 '装',
 '裔',
 '裕',
 '裘',
 '裙',
 '裤',
 '裳',
 '裴',
 '裸',
 '裹',
 '褂',
 '褐',
 '褒',
 '褛',
 '褴',
 '褶',
 '西',
 '西红',
 '西红柿',
 '要',
 '要不',
 '要不然',
 '要不要',
 '要么',
 '要做',
 '要加',
 '要加一个',
 '要去',
 '要变成',
 '要填',
 '要把',
 '要放在',
 '要是',
 '要有',
 '要求',
 '要注意',
 '要注意一下',
 '要用',
 '要看',
 '要知道',
 '要要',
 '要记',
 '要记一下',
 '要记住',
 '要讲',
 '要说',
 '要跟',
 '要选',
 '覆',
 '见',
 '见到',
 '见过',
 '见过吗',
 '见面',
 '观',
 '观察',
 '观点',
 '规',
 '规则',
 '规则变化',
 '规定',
 '规律',
 '觅',
 '视',
 '视频',
 '览',
 '觉',
 '觉得',
 '觐',
 '角',
 '角一',
 '角二',
 '角度',
 '角是',
 '解',
 '解决',
 '解释',
 '解释一下',
 '解题',
 '触',
 '言',
 '詹',
 '誉',
 '誊',
 '誓',
 '謝',
 '警',
 '警察',
 '计',
 '计划',
 '计算',
 '订',
 '认',
 '认不认识',
 '认为',
 '认真',
 '认识',
 '认识吗',
 '讨',
 '讨厌',
 '讨论',
 '让',
 '让人',
 '让他',
 '让你',
 '让你去',
 '让你填',
 '让它',
 '让我',
 '让我们',
 '让步',
 '让步状语从句',
 '训',
 '训练',
 '议',
 '议论文',
 '讯',
 '记',
 '记一',
 '记一下',
 '记一下吧',
 '记一下啊',
 '记一下这个',
 '记一个',
 '记下',
 '记下来',
 '记下来了吗',
 '记不',
 '记不住',
 '记不记得',
 '记了',
 '记住',
 '记住了',
 '记住啊',
 '记住这个',
 '记到',
 '记单词',
 '记叙',
 '记叙文',
 '记啊',
 '记在',
 '记好',
 '记好了',
 '记好了吗',
 '记完了',
 '记录',
 '记得',
 '记得吗',
 '记忆',
 '记忆力',
 '记清楚',
 '记的',
 '记着',
 '记笔记',
 '记这个',
 '讲',
 '讲一下',
 '讲一下这个',
 '讲一个',
 '讲义',
 '讲义上',
 '讲了',
 '讲了一个',
 '讲了什么',
 '讲什么',
 '讲到',
 '讲到了',
 '讲啊',
 '讲完',
 '讲完了',
 '讲我听',
 '讲的',
 '讲的内容',
 '讲的就是',
 '讲的时候',
 '讲的是',
 '讲的这个',
 '讲的那个',
 '讲解',
 '讲讲',
 '讲过',
 '讲过了',
 '讲过的',
 '讲这个',
 '讲那个',
 '讳',
 '讷',
 '许',
 '许可',
 '许多',
 '论',
 '论文',
 '论证',
 '讽',
 '设',
 '访',
 '诀',
 '证',
 '证明',
 '评',
 '诅',
 '识',
 '诈',
 '诉',
 '诊',
 '诌',
 '词',
 '词义',
 '词典',
 '词啊',
 '词就是',
 '词尾',
 '词性',
 '词是',
 '词汇',
 '词汇量',
 '词的',
 '词组',
 '词语',
 '译',
 '试',
 '试一下',
 '试着',
 '试试',
 '诗',
 '诚',
 '话',
 '话题',
 '诞',
 '诠',
 '诡',
 '询',
 '询问',
 '该',
 '详',
 '详细',
 '诧',
 '诫',
 '诬',
 '语',
 '语义',
 '语从句',
 '语境',
 '语序',
 '语态',
 '语感',
 '语文',
 '语气',
 '语法',
 '语法填空',
 '语言',
 '误',
 '诱',
 '说',
 '说一下',
 '说一个',
 '说一遍',
 '说了',
 '说什么',
 '说他',
 '说你',
 '说出来',
 '说到',
 '说呃',
 '说啊',
 '说它',
 '说我',
 '说明',
 '说是',
 '说法',
 '说的',
 '说的是',
 '说的这个',
 '说的那个',
 '说话',
 '说说',
 '说过',
 '说过了',
 '说这个',
 '说那个',
 '诵',
 '诶',
 '请',
 '请求',
 '诸',
 '诺',
 '读',
 '读一下',
 '读一遍',
 '读书',
 '读出来',
 '读完',
 '读懂',
 '读的',
 '读音',
 '课',
 '课上',
 '课下',
 '课件',
 '课件儿',
 '课前',
 '课后',
 '课堂',
 '课文',
 '课时',
 '课本',
 '课程',
 '谁',
 '谁呀',
 '谁是',
 '谁的',
 '谁谁',
 '谁谁谁',
 '调',
 '调查',
 '谅',
 '谈',
 '谈论',
 '谈话',
 '谊',
 '谋',
 '谍',
 '谎',
 '谐',
 '谒',
 '谓',
 '谓语',
 '谓语动词',
 '谓语是',
 '谙',
 '谚语',
 '谜',
 '谝',
 '谢',
 '谢谢',
 '谣',
 '谥',
 '谦',
 '谨',
 '谪',
 '谬',
 '谱',
 '谷',
 '豁',
 '豆',
 '豌',
 '豚',
 '象',
 '象棋',
 '豪',
 '豫',
 '豹',
 '貌',
 '贝',
 '贞',
 '负',
 '负一',
 '负数',
 '贡',
 '财',
 '责',
 '责任',
 '贤',
 '败',
 '账',
 '货',
 '质',
 '质量',
 '贪',
 '贫',
 '贬',
 '购',
 '购物',
 '贮',
 '贯',
 '贱',
 '贴',
 '贵',
 '贷',
 '贸',
 '费',
 '贺',
 '贻',
 '贼',
 '贾',
 '赁',
 '资',
 '赅',
 '赋',
 '赌',
 '赎',
 '赏',
 '赔',
 '赖',
 '赘',
 '赚',
 '赛',
 '赞',
 '赞扬',
 '赠',
 '赡',
 '赢',
 '赤',
 '赫',
 '走',
 '走了',
 '走路',
 '赴',
 '赵',
 '赶',
 '赶紧',
 '起',
 '起床',
 '起来',
 '起飞',
 '趁',
 '超',
 '超市',
 '超级',
 '超过',
 '越',
 '越来',
 '越来越',
 '趋',
 '趟',
 '趣',
 '足',
 '足够',
 '足球',
 '趴',
 '趾',
 '跃',
 '跋',
 '跌',
 '跑',
 '跑步',
 '跚',
 '距',
 '距离',
 '跟',
 '跟他',
 '跟你',
 '跟你讲',
 '跟你说',
 '跟在',
 '跟它',
 '跟我',
 '跟我们',
 '跟我说',
 '跟的是',
 '跟着',
 '跟老师',
 '跟这个',
 '跟那个',
 '跤',
 '跨',
 '跪',
 '路',
 '路上',
 '路程',
 '跳',
 '跳舞',
 '跳过',
 '践',
 '跺',
 '踊',
 '踌',
 '踏',
 '踘',
 '踝',
 '踢',
 '踢足球',
 '踩',
 '踪',
 '踹',
 '蹄',
 '蹈',
 '蹊',
 '蹒',
 '蹦',
 '蹩',
 '蹬',
 '蹭',
 '蹲',
 '蹴',
 '蹿',
 '躁',
 '躇',
 '身',
 '身上',
 '身体',
 '躬',
 '躯',
 '躲',
 '躺',
 '车',
 '车站',
 '轨',
 '轩',
 '转',
 '转化',
 '转折',
 '转换',
 '转换成',
 '轮',
 '软',
 '轰',
 '轱',
 '轴',
 '轻',
 '轻松',
 '轼',
 '载',
 '轿',
 '较',
 '辅',
 '辅音',
 '辅音字母',
 '辅音字母加',
 '辆',
 '辆车',
 '辈',
 '辉',
 '辍',
 '辐',
 '辑',
 '输',
 '辖',
 '辘',
 '辛',
 '辛苦',
 '辜',
 '辞',
 '辟',
 '辣',
 '辨',
 '辨析',
 '辩',
 '辰',
 '辱',
 '边',
 '边儿',
 '辽',
 '达',
 '迁',
 '迂',
 '迄',
 '迅',
 '过',
 '过一遍',
 '过了',
 '过去',
 '过去了',
 '过去分词',
 '过去完成',
 '过去完成时',
 '过去将来时',
 '过去式',
 '过去时',
 '过去时态',
 '过去的',
 '过去的时间',
 '过去的过去',
 '过去进行时',
 '过吗',
 '过来',
 '过来的',
 '过的',
 '过程',
 '过程中',
 '迈',
 '迎',
 '运',
 '运动',
 '运用',
 '近',
 '近原则',
 '返',
 '还',
 '还不',
 '还不错',
 '还会',
 '还原',
 '还可以',
 '还在',
 '还好',
 '还得',
 '还挺',
 '还是',
 '还是一个',
 '还是复数',
 '还是挺',
 '还是有',
 '还是比较',
 '还是用',
 '还是要',
 '还是说',
 '还有',
 '还有一个',
 '还有一个就是',
 '还有一个是',
 '还有一些',
 '还有一种',
 '还有个',
 '还有什么',
 '还有什么问题吗',
 '还有呢',
 '还有就是',
 '还有没有',
 '还有这个',
 '还有问题吗',
 '还没',
 '还没有',
 '还能',
 '还蛮',
 '还行',
 '还要',
 '还记得',
 '还记得吗',
 '还需要',
 '这',
 '这一',
 '这一个',
 '这一句',
 '这一句话',
 '这一块',
 '这一块儿',
 '这一段',
 '这一点',
 '这一篇',
 '这一类',
 '这一部分',
 '这一题',
 '这三',
 '这三个',
 '这三个词',
 '这不',
 '这不是',
 '这两',
 '这两个',
 '这两个单词',
 '这两个句子',
 '这两个词',
 '这两句话',
 '这两种',
 '这个',
 '这个东西',
 '这个也',
 '这个也是',
 '这个事情',
 '这个人',
 '这个你',
 '这个例句',
 '这个其实',
 '这个动作',
 '这个动词',
 '这个单词',
 '这个句型',
 '这个句子',
 '这个句子的',
 '这个句子里面',
 '这个名词',
 '这个吗',
 '这个呃',
 '这个呢',
 '这个啊',
 '这个地方',
 '这个地方呢',
 '这个地方我们',
 '这个地方是',
 '这个地方的',
 '这个小',
 '这个就',
 '这个就是',
 '这个应该',
 '这个意思',
 '这个我们',
 '这个文章',
 '这个时候',
 '这个是',
 '这个样子',
 '这个点',
 '这个的话',
 '这个短语',
 '这个空',
 '这个结构',
 '这个要',
 '这个角',
 '这个词',
 '这个词组',
 '这个这个',
 '这个这个这个',
 '这个问题',
 '这个题',
 '这个题目',
 '这么',
 '这么一个',
 '这么多',
 '这么说',
 '这也',
 '这也是',
 '这五个',
 '这些',
 '这些东西',
 '这些单词',
 '这些词',
 '这些都',
 '这些都是',
 '这些题',
 '这件',
 '这件事',
 '这件事情',
 '这儿',
 '这几',
 '这几个',
 '这几个词',
 '这句',
 '这句话',
 '这句话怎么说',
 '这句话是',
 '这句话的',
 '这句话的意思',
 '这四个',
 '这地方',
 '这块',
 '这块儿',
 '这就',
 '这就是',
 '这就是一个',
 '这就是我们',
 '这方面',
 '这时候',
 '这是',
 '这是一个',
 '这是不是',
 '这是个',
 '这是什么',
 '这是我们',
 '这本书',
 '这条',
 '这样',
 '这样一个',
 '这样做',
 '这样写',
 '这样吧',
 '这样子',
 '这样子的',
 '这样就',
 '这样用',
 '这样的',
 '这样的一个',
 '这样的话',
 '这样翻译',
 '这样记',
 '这样说',
 '这次',
 '这段',
 '这点',
 '这种',
 '这种东西',
 '这种情况',
 '这种情况下',
 '这种词',
 '这种这种',
 '这种题',
 '这篇',
 '这篇文章',
 '这类',
 '这节课',
 '这节课就',
 '这边',
 '这边是',
 '这这',
 '这这个',
 '这道题',
 '这部分',
 '这都是',
 '这里',
 '这里呢',
 '这里就',
 '这里就是',
 '这里是',
 '这里有',
 '这里有一个',
 '这里有个',
 '这里的',
 '这里边',
 '这里面',
 '这里面的',
 '这题',
 '进',
 '进一步',
 '进入',
 '进去',
 '进来',
 '进步',
 '进行',
 '进行一个',
 '进行提问',
 '进行时',
 '进行时态',
 '远',
 '违',
 '连',
 '连在一起',
 '连接',
 '连接词',
 '连用',
 '连着',
 '连词',
 '连起来',
 '迟',
 '迟到',
 '迟到了',
 '迥',
 '迦',
 '迪',
 '迫',
 '述',
 '迷',
 '迹',
 '追',
 '退',
 '送',
 '适',
 '适合',
 '适当',
 '适当形式',
 '逃',
 '逆',
 '选',
 '选一个',
 '选了',
 '选什么',
 '选出来',
 '选哪个',
 '选择',
 '选择题',
 '选的',
 '选的是',
 '选这个',
 '选项',
 '逊',
 '逍',
 '透',
 '透镜',
 '逐',
 '逐渐',
 '递',
 '途',
 '逗',
 '逗号',
 '通',
 '通常',
 '通知',
 '通读',
 '通过',
 '通顺',
 '逛',
 '逝',
 '速',
 '速度',
 '造',
 '造一下',
 '造一个',
 '造一个句子',
 '造个句子',
 '造句',
 '造成',
 '逢',
 '逮',
 '逸',
 '逻',
 '逻辑',
 '逼',
 '逾',
 '遂',
 '遇',
 '遇到',
 '遇到了',
 '遇见',
 '遍',
 '遐',
 '道',
 '道理',
 '道题',
 '遗',
 '遗憾',
 '遛',
 '遢',
 '遣',
 '遥',
 '遭',
 '遮',
 '遵',
 '遵守',
 '避',
 '避免',
 '邀',
 '邀请',
 '邃',
 '邋',
 '邑',
 '邓',
 '那',
 '那一',
 '那个',
 '那个人',
 '那个什么',
 '那个单词',
 '那个呃',
 '那个就是',
 '那个时候',
 '那个是',
 '那个词',
 '那个那个',
 '那么',
 '那么多',
 '那么它',
 '那么就是',
 '那么我们',
 '那么这个',
 '那些',
 '那什么',
 '那他',
 '那你',
 '那你就',
 '那你现在',
 '那你看',
 '那你觉得',
 '那你说',
 '那儿',
 '那几个',
 '那句话',
 '那咱们',
 '那天',
 '那如果',
 '那它',
 '那就',
 '那就是',
 '那我',
 '那我们',
 '那我们今天',
 '那我们就',
 '那我们来',
 '那我们来看',
 '那我们来看一下',
 '那我们现在',
 '那我们看',
 '那我们看一下',
 '那我们说',
 '那我就',
 '那是',
 '那是不是',
 '那样',
 '那现在',
 '那种',
 '那边',
 '那这',
 '那这个',
 '那这个地方',
 '那这个时候',
 '那这句话',
 '那这里',
 '那那',
 '那里',
 '邦',
 '邪',
 '邮',
 '邹',
 '邻',
 '邻居',
 '郁',
 '郊',
 '郎',
 '郑',
 '郡',
 '部',
 '部分',
 '部分倒装',
 '部分否定',
 '郭',
 '都',
 '都不',
 '都不会',
 '都不是',
 '都会',
 '都可以',
 '都可以用',
 '都在',
 '都已经',
 '都很',
 '都是',
 '都是一个',
 '都是一样的',
 '都是可以',
 '都是对的',
 '都是用',
 '都有',
 '都没',
 '都没有',
 '都用',
 '都知道',
 '都能',
 '都行',
 '都表示',
 '都要',
 '都说',
 '鄙',
 '酋',
 '酌',
 '配',
 '酒',
 '酗',
 '酝',
 '酣',
 '酪',
 '酬',
 '酱',
 '酵',
 '酶',
 '酷',
 '酸',
 '酿',
 '醇',
 '醉',
 '醋',
 '醒',
 '采',
 '释',
 '里',
 '里头',
 '里的',
 '里边',
 '里边儿',
 '里面',
 '里面有',
 '里面的',
 '重',
 '重复',
 '重新',
 '重点',
 '重要',
 '重要性',
 '重要的',
 '重读',
 '重读闭音节',
 '重音',
 '野',
 '量',
 '量的',
 '量词',
 '金',
 '鉴',
 '錒',
 '鑫',
 '针',
 '针对',
 '钉',
 '钎',
 '钓',
 '钙',
 '钝',
 '钞',
 '钟',
 '钠',
 '钡',
 '钢',
 '钢琴',
 '钢笔',
 '钥匙',
 '钦',
 '钧',
 '钩',
 '钮',
 '钱',
 '钻',
 '钾',
 '铀',
 '铁',
 '铂',
 '铃',
 '铅',
 '铅笔',
 '铍',
 '铛',
 '铜',
 '铝',
 '铬',
 '铭',
 '铲',
 '铵',
 '银',
 '铸',
 '铺',
 '链',
 '销',
 '销售',
 '锁',
 '锂',
 '锃',
 '锅',
 '锈',
 '锋',
 '锌',
 '锐',
 '错',
 '错了',
 '错了啊',
 '错的',
 '错误',
 '错误的',
 '错过',
 '错题',
 '锚',
 '锡',
 '锤',
 '锥',
 '锦',
 '键',
 '锰',
 '锹',
 '锻',
 '锻炼',
 '镁',
 '镇',
 '镑',
 '镖',
 '镜',
 '镯',
 '镳',
 '镶',
 '长',
 '长城',
 '长度',
 '长得',
 '长时间',
 '长的',
 '门',
 '闪',
 '闭',
 '闭音节',
 '问',
 '问一下',
 '问他',
 '问你',
 '问句',
 '问我',
 '问的',
 '问的是',
 '问题',
 '问题吗',
 '问题啊',
 '闯',
 '闲',
 '间',
 '间接',
 '间接宾语',
 '闷',
 '闸',
 '闹',
 '闺',
 '闻',
 '阀',
 '阂',
 '阅',
 '阅读',
 '阅读理解',
 '阐',
 '阔',
 '阜',
 '队',
 '阡',
 '阮',
 '防',
 '阳',
 '阳光',
 '阴',
 '阵',
 '阶',
 '阶段',
 '阻',
 '阿',
 '陀',
 '附',
 '附近',
 '际',
 '陆',
 '陈',
 '陈述',
 '陈述句',
 '陈述语序',
 '陋',
 '陌',
 '陌生',
 '降',
 '限',
 '限制',
 '限制性',
 '限制性定语从句',
 '限定',
 '限定性',
 '限定词',
 '陕',
 '陡',
 '院',
 '除',
 '除了',
 '除以',
 '除非',
 '陨',
 '险',
 '陪',
 '陵',
 '陶',
 '陷',
 '陷阱',
 '隅',
 '隆',
 '随',
 '随便',
 '随时',
 '随着',
 '隐',
 '隔',
 '隔开',
 '隘',
 '隙',
 '障',
 '隧',
 '隰',
 '隶',
 '难',
 '难度',
 '难点',
 '难的',
 '难道',
 '雀',
 '雁',
 '雄',
 '雅',
 '集',
 '集中',
 '集体',
 '集体名词',
 '集合',
 '集合名词',
 '雇',
 '雌',
 '雎',
 '雏',
 '雕',
 '雨',
 '雪',
 '雳',
 '零',
 '零冠词',
 '雷',
 '雾',
 '需',
 '需求',
 '需要',
 '需要你',
 '需要注意',
 '需要用',
 '霆',
 '震',
 '霉',
 '霍',
 '霓',
 '霖',
 '霜',
 '霞',
 '露',
 '霸',
 '霹',
 '霾',
 '青',
 '静',
 '靛',
 '非',
 '非常',
 '非常好',
 '非常好啊',
 '非常有',
 '非常棒',
 '非常的',
 '非常简单',
 '非常重要',
 '非常非常',
 '非谓语',
 '非谓语动词',
 '非限制性定语从句',
 '靠',
 '靡',
 '面',
 '面包',
 '面对',
 '革',
 '靴',
 '靶',
 '鞋',
 '鞍',
 '鞠',
 '鞭',
 '韦',
 '韧',
 '韩',
 '韬',
 '音',
 '音乐',
 '音标',
 '音节',
 '韵',
 '页',
 '顶',
 '项',
 '顺',
 '顺便',
 '顺序',
 '须',
 '顽',
 '顾',
 '顾问',
 '顾问老师',
 '顿',
 '颁',
 '颂',
 '预',
 '预习',
 '颅',
 '领',
 '颇',
 '颈',
 '颊',
 '颐',
 '频',
 '频度',
 '频度副词',
 '频率',
 '颓',
 '颖',
 '颗',
 '题',
 '题吧',
 '题呢',
 '题啊',
 '题型',
 '题干',
 '题的',
 '题目',
 '颚',
 '颜',
 '颜色',
 '额',
 '颠',
 '颤',
 '风',
 '飓',
 '飘',
 '飙',
 '飞',
 '飞机',
 '食',
 '食物',
 '餐',
 '饥',
 '饨',
 '饪',
 '饬',
 '饭',
 '饮',
 '饰',
 '饱',
 '饲',
 '饵',
 '饶',
 '饸',
 '饹',
 '饺',
 '饼',
 '饿',
 '馁',
 '馄',
 '馅',
 '馆',
 '馈',
 '馊',
 '馍',
 '馏',
 '馒',
 '首',
 '首先',
 '首先是',
 '首先第一个',
 '首先这个',
 '首字母',
 '首歌',
 '馗',
 '香',
 '馨',
 '马',
 '马上',
 '马路',
 '驭',
 '驮',
 '驯',
 '驰',
 '驱',
 '驳',
 '驴',
 '驶',
 '驷',
 '驻',
 '驼',
 '驾',
 '骂',
 '骄',
 '骄傲',
 '骆',
 '验',
 '骑',
 '骑自行车',
 '骗',
 '骚',
 '骛',
 '骤',
 '骥',
 '骨',
 '骸',
 '骼',
 '髓',
 '高',
 '高一',
 '高三',
 '高中',
 '高兴',
 '高度',
 '高的',
 '高级',
 '高考',
 '髦',
 '鬼',
 '魂',
 '魄',
 '魅',
 '魏',
 '魔',
 '鱼',
 '鱿',
 '鲁',
 '鲍',
 '鲜',
 '鲤',
 '鲲',
 '鲸',
 '鳖',
 '鸟',
 '鸡',
 '鸣',
 '鸥',
 '鸦',
 '鸭',
 '鸵',
 '鸽',
 '鸿',
 '鹄',
 '鹅',
 '鹈',
 '鹉',
 '鹊',
 '鹏',
 '鹕',
 '鹤',
 '鹦',
 '鹰',
 '鹿',
 '麦',
 '麻',
 '麻烦',
 '麽',
 '黄',
 '黎',
 '黏',
 '黑',
 '黑人',
 '黑板',
 '默',
 '黛',
 '鼓',
 '鼓励',
 '鼠',
 '鼠标',
 '鼻',
 '齐',
 '齿',
 '龄',
 '龈',
 '龙',
 '龟',
 '<eos>']
2024-06-21 10:51:34.418 | DEBUG    | paddlespeech.s2t.frontend.featurizer.text_featurizer:_load_vocabulary_from_file:229 - BLANK id: 0
2024-06-21 10:51:34.418 | DEBUG    | paddlespeech.s2t.frontend.featurizer.text_featurizer:_load_vocabulary_from_file:230 - UNK id: 1
2024-06-21 10:51:34.419 | DEBUG    | paddlespeech.s2t.frontend.featurizer.text_featurizer:_load_vocabulary_from_file:231 - EOS id: 11281
2024-06-21 10:51:34.419 | DEBUG    | paddlespeech.s2t.frontend.featurizer.text_featurizer:_load_vocabulary_from_file:232 - SOS id: 11281
2024-06-21 10:51:34.419 | DEBUG    | paddlespeech.s2t.frontend.featurizer.text_featurizer:_load_vocabulary_from_file:233 - SPACE id: -1
2024-06-21 10:51:34.419 | DEBUG    | paddlespeech.s2t.frontend.featurizer.text_featurizer:_load_vocabulary_from_file:234 - MASKCTC id: -1
2024-06-21 10:51:34.455 | INFO     | paddlespeech.s2t.modules.ctc:<module>:45 - paddlespeech_ctcdecoders not installed!
2024-06-21 10:51:34.469 | DEBUG    | paddlespeech.s2t.models.u2.u2:_init_from_config:901 - U2 Encoder type: conformer
2024-06-21 10:51:34.585 | INFO     | paddlespeech.s2t.modules.embedding:__init__:150 - max len: 5000
2024-06-21 10:51:37.795 | DEBUG    | paddlespeech.s2t.models.u2.u2:_init_from_config:913 - U2 Decoder type: transformer
2024-06-21 10:51:39.867 | DEBUG    | paddlespeech.s2t.modules.loss:__init__:40 - CTCLoss Loss reduction: sum, div-bs: True
2024-06-21 10:51:39.867 | DEBUG    | paddlespeech.s2t.modules.loss:__init__:42 - CTCLoss Grad Norm Type: None
2024-06-21 10:51:39.868 | DEBUG    | paddlespeech.s2t.modules.loss:__init__:73 - CTCLoss() kwargs:{'norm_by_times': False}, not support: {'norm_by_batchsize': False, 'norm_by_total_logits_len': False}
2024-06-21 10:51:42.474 | DEBUG    | paddlespeech.s2t.models.u2.u2:attention_rescoring:563 - hyps pad: Tensor(shape=[10, 15], dtype=int64, place=Place(cpu), stop_gradient=True,
       [[11281, 1155 , 1201 , 382  , 329  , 708  , 1688 , 929  , 1688 , 1173 ,
         520  , 1688 , 792  , 11281, 11281],
        [11281, 1155 , 1201 , 382  , 329  , 708  , 1688 , 929  , 1688 , 1173 ,
         365  , 520  , 1688 , 792  , 11281],
        [11281, 1155 , 1201 , 382  , 329  , 708  , 1688 , 929  , 1688 , 1176 ,
         520  , 1688 , 792  , 11281, 11281],
        [11281, 1155 , 1201 , 382  , 329  , 708  , 1688 , 929  , 1688 , 1176 ,
         365  , 520  , 1688 , 792  , 11281],
        [11281, 1155 , 1201 , 382  , 329  , 708  , 1688 , 929  , 1688 , 1173 ,
         520  , 1688 , 792  , 157  , 11281],
        [11281, 1155 , 1201 , 382  , 329  , 708  , 1688 , 929  , 1688 , 520  ,
         1688 , 792  , 11281, 11281, 11281],
        [11281, 1155 , 1201 , 382  , 329  , 708  , 1688 , 929  , 1688 , 473  ,
         520  , 1688 , 792  , 11281, 11281],
        [11281, 1155 , 1201 , 382  , 329  , 708  , 929  , 1688 , 1173 , 520  ,
         1688 , 792  , 11281, 11281, 11281],
        [11281, 1155 , 1201 , 382  , 329  , 708  , 1688 , 929  , 1688 , 1173 ,
         365  , 520  , 1688 , 792  , 157  ],
        [11281, 1155 , 1201 , 382  , 329  , 708  , 1688 , 929  , 1688 , 365  ,
         520  , 1688 , 792  , 11281, 11281]]) 11281 11281 -1
2024-06-21 10:51:45.171 | DEBUG    | paddlespeech.s2t.models.u2.u2:attention_rescoring:587 - hyp 0 len 12 l2r score: -10.293931314721704 ctc_score: -4.507177616514084 reverse_weight: 0.0
2024-06-21 10:51:45.171 | DEBUG    | paddlespeech.s2t.models.u2.u2:attention_rescoring:587 - hyp 1 len 13 l2r score: -15.682760866358876 ctc_score: -4.817282651322167 reverse_weight: 0.0
2024-06-21 10:51:45.171 | DEBUG    | paddlespeech.s2t.models.u2.u2:attention_rescoring:587 - hyp 2 len 12 l2r score: -12.26880163885653 ctc_score: -5.4873467935694435 reverse_weight: 0.0
2024-06-21 10:51:45.172 | DEBUG    | paddlespeech.s2t.models.u2.u2:attention_rescoring:587 - hyp 3 len 13 l2r score: -34.85908135212958 ctc_score: -5.797451828377526 reverse_weight: 0.0
2024-06-21 10:51:45.172 | DEBUG    | paddlespeech.s2t.models.u2.u2:attention_rescoring:587 - hyp 4 len 13 l2r score: -22.084228107705712 ctc_score: -5.818499073732733 reverse_weight: 0.0
2024-06-21 10:51:45.172 | DEBUG    | paddlespeech.s2t.models.u2.u2:attention_rescoring:587 - hyp 5 len 11 l2r score: -16.467347824946046 ctc_score: -5.842651511587022 reverse_weight: 0.0
2024-06-21 10:51:45.172 | DEBUG    | paddlespeech.s2t.models.u2.u2:attention_rescoring:587 - hyp 6 len 12 l2r score: -27.617421070113778 ctc_score: -5.845461577366422 reverse_weight: 0.0
2024-06-21 10:51:45.172 | DEBUG    | paddlespeech.s2t.models.u2.u2:attention_rescoring:587 - hyp 7 len 11 l2r score: -14.367587093263865 ctc_score: -5.947019934172052 reverse_weight: 0.0
2024-06-21 10:51:45.172 | DEBUG    | paddlespeech.s2t.models.u2.u2:attention_rescoring:587 - hyp 8 len 14 l2r score: -27.512709261849523 ctc_score: -6.1286041085408165 reverse_weight: 0.0
2024-06-21 10:51:45.173 | DEBUG    | paddlespeech.s2t.models.u2.u2:attention_rescoring:587 - hyp 9 len 12 l2r score: -28.544346215203404 ctc_score: -6.152756546395104 reverse_weight: 0.0
2024-06-21 10:51:45.173 | DEBUG    | paddlespeech.s2t.models.u2.u2:attention_rescoring:608 - result: ((1155, 1201, 382, 329, 708, 1688, 929, 1688, 1173, 520, 1688, 792), -4.507177616514084)
